

***********************************************************************
Fatal NI connect error 12541, connecting to:
 (DESCRIPTION=(ADDRESS=(PROTOCOL=TCP)(HOST=CHINA-4A69E87FF)(PORT=1521))(CONNECT_DATA=(SERVER=DEDICATED)(SERVICE_NAME=orcl)(CID=(PROGRAM=F:\suddy\vc\OraTest\Debug\OraTest.exe)(HOST=CHINA-4A69E87FF)(USER=Administrator))))

  VERSION INFORMATION:
	TNS for 32-bit Windows: Version 10.1.0.2.0 - Production
	Windows NT TCP/IP NT Protocol Adapter for 32-bit Windows: Version 10.1.0.2.0 - Production
  Time: 01-2月 -2009 08:54:14
  Tracing not turned on.
  Tns error struct:
    ns main err code: 12541
    TNS-12541: TNS:no listener
    ns secondary err code: 12560
    nt main err code: 511
    TNS-00511: No listener
    nt secondary err code: 61
    nt OS err code: 0


***********************************************************************
Fatal NI connect error 12541, connecting to:
 (DESCRIPTION=(ADDRESS=(PROTOCOL=TCP)(HOST=CHINA-4A69E87FF)(PORT=1521))(CONNECT_DATA=(SERVER=DEDICATED)(SERVICE_NAME=orcl)(CID=(PROGRAM=F:\suddy\vc\OraTest\Debug\OraTest.exe)(HOST=CHINA-4A69E87FF)(USER=Administrator))))

  VERSION INFORMATION:
	TNS for 32-bit Windows: Version 10.1.0.2.0 - Production
	Windows NT TCP/IP NT Protocol Adapter for 32-bit Windows: Version 10.1.0.2.0 - Production
  Time: 01-2月 -2009 09:05:57
  Tracing not turned on.
  Tns error struct:
    ns main err code: 12541
    TNS-12541: TNS:no listener
    ns secondary err code: 12560
    nt main err code: 511
    TNS-00511: No listener
    nt secondary err code: 61
    nt OS err code: 0


***********************************************************************
Fatal NI connect error 12541, connecting to:
 (DESCRIPTION=(ADDRESS=(PROTOCOL=TCP)(HOST=china-4a69e87ff)(PORT=1521))(CONNECT_DATA=(SERVER=DEDICATED)(SERVICE_NAME=orcl)(CID=(PROGRAM=D:\oracle\product\10.1.0\Db_1\bin\sqlplus.exe)(HOST=CHINA-4A69E87FF)(USER=Administrator))))

  VERSION INFORMATION:
	TNS for 32-bit Windows: Version 10.1.0.2.0 - Production
	Windows NT TCP/IP NT Protocol Adapter for 32-bit Windows: Version 10.1.0.2.0 - Production
  Time: 06-2月 -2009 14:08:37
  Tracing not turned on.
  Tns error struct:
    ns main err code: 12541
    TNS-12541: TNS:no listener
    ns secondary err code: 12560
    nt main err code: 511
    TNS-00511: No listener
    nt secondary err code: 61
    nt OS err code: 0


***********************************************************************
Fatal NI connect error 12541, connecting to:
 (DESCRIPTION=(ADDRESS=(PROTOCOL=TCP)(HOST=china-4a69e87ff)(PORT=1521))(CONNECT_DATA=(SERVER=DEDICATED)(SERVICE_NAME=orcl)(CID=(PROGRAM=D:\oracle\product\10.1.0\Db_1\bin\sqlplus.exe)(HOST=CHINA-4A69E87FF)(USER=Administrator))))

  VERSION INFORMATION:
	TNS for 32-bit Windows: Version 10.1.0.2.0 - Production
	Windows NT TCP/IP NT Protocol Adapter for 32-bit Windows: Version 10.1.0.2.0 - Production
  Time: 06-2月 -2009 14:10:07
  Tracing not turned on.
  Tns error struct:
    ns main err code: 12541
    TNS-12541: TNS:no listener
    ns secondary err code: 12560
    nt main err code: 511
    TNS-00511: No listener
    nt secondary err code: 61
    nt OS err code: 0


***********************************************************************
Fatal NI connect error 12541, connecting to:
 (DESCRIPTION=(ADDRESS=(PROTOCOL=TCP)(HOST=china-4a69e87ff)(PORT=1521))(CONNECT_DATA=(SERVER=DEDICATED)(SERVICE_NAME=orcl)(CID=(PROGRAM=D:\oracle\product\10.1.0\Db_1\bin\sqlplus.exe)(HOST=CHINA-4A69E87FF)(USER=Administrator))))

  VERSION INFORMATION:
	TNS for 32-bit Windows: Version 10.1.0.2.0 - Production
	Windows NT TCP/IP NT Protocol Adapter for 32-bit Windows: Version 10.1.0.2.0 - Production
  Time: 06-2月 -2009 14:10:19
  Tracing not turned on.
  Tns error struct:
    ns main err code: 12541
    TNS-12541: TNS:no listener
    ns secondary err code: 12560
    nt main err code: 511
    TNS-00511: No listener
    nt secondary err code: 61
    nt OS err code: 0


***********************************************************************
Fatal NI connect error 12545, connecting to:
 (DESCRIPTION=(ADDRESS=(PROTOCOL=TCP)(HOST=china-4a69e87f1)(PORT=1521))(CONNECT_DATA=(SERVER=DEDICATED)(SERVICE_NAME=orcl)(CID=(PROGRAM=D:\oracle\product\10.1.0\Db_1\bin\sqlplus.exe)(HOST=CHINA-4A69E87FF)(USER=Administrator))))

  VERSION INFORMATION:
	TNS for 32-bit Windows: Version 10.1.0.2.0 - Production
	Windows NT TCP/IP NT Protocol Adapter for 32-bit Windows: Version 10.1.0.2.0 - Production
  Time: 06-2月 -2009 14:11:22
  Tracing not turned on.
  Tns error struct:
    ns main err code: 12545
    TNS-12545: Connect failed because target host or object does not exist
    ns secondary err code: 12560
    nt main err code: 515
    TNS-00515: Connect failed because target host or object does not exist
    nt secondary err code: 1001
    nt OS err code: 0


***********************************************************************
Fatal NI connect error 12541, connecting to:
 (DESCRIPTION=(ADDRESS=(PROTOCOL=TCP)(HOST=china-4a69e87ff)(PORT=1521))(CONNECT_DATA=(SERVER=DEDICATED)(SERVICE_NAME=orcl)(CID=(PROGRAM=D:\oracle\product\10.1.0\Db_1\bin\sqlplus.exe)(HOST=CHINA-4A69E87FF)(USER=Administrator))))

  VERSION INFORMATION:
	TNS for 32-bit Windows: Version 10.1.0.2.0 - Production
	Windows NT TCP/IP NT Protocol Adapter for 32-bit Windows: Version 10.1.0.2.0 - Production
  Time: 06-2月 -2009 14:11:31
  Tracing not turned on.
  Tns error struct:
    ns main err code: 12541
    TNS-12541: TNS:no listener
    ns secondary err code: 12560
    nt main err code: 511
    TNS-00511: No listener
    nt secondary err code: 61
    nt OS err code: 0


***********************************************************************
Fatal NI connect error 12541, connecting to:
 (DESCRIPTION=(ADDRESS=(PROTOCOL=TCP)(HOST=china-4a69e87ff)(PORT=1521))(CONNECT_DATA=(SERVER=DEDICATED)(SERVICE_NAME=orcl)(CID=(PROGRAM=D:\oracle\product\10.1.0\Db_1\bin\sqlplus.exe)(HOST=CHINA-4A69E87FF)(USER=Administrator))))

  VERSION INFORMATION:
	TNS for 32-bit Windows: Version 10.1.0.2.0 - Production
	Windows NT TCP/IP NT Protocol Adapter for 32-bit Windows: Version 10.1.0.2.0 - Production
  Time: 06-2月 -2009 14:11:49
  Tracing not turned on.
  Tns error struct:
    ns main err code: 12541
    TNS-12541: TNS:no listener
    ns secondary err code: 12560
    nt main err code: 511
    TNS-00511: No listener
    nt secondary err code: 61
    nt OS err code: 0


***********************************************************************
Fatal NI connect error 12541, connecting to:
 (DESCRIPTION=(ADDRESS=(PROTOCOL=TCP)(HOST=china-4a69e87ff)(PORT=1521))(CONNECT_DATA=(SID=orcl)(PRESENTATION=RO)(CID=(PROGRAM=D:\oracle\product\10.1.0\Db_1\bin\sqlplus.exe)(HOST=CHINA-4A69E87FF)(USER=Administrator))))

  VERSION INFORMATION:
	TNS for 32-bit Windows: Version 10.1.0.2.0 - Production
	Windows NT TCP/IP NT Protocol Adapter for 32-bit Windows: Version 10.1.0.2.0 - Production
  Time: 06-2月 -2009 14:12:25
  Tracing not turned on.
  Tns error struct:
    ns main err code: 12541
    TNS-12541: TNS:no listener
    ns secondary err code: 12560
    nt main err code: 511
    TNS-00511: No listener
    nt secondary err code: 61
    nt OS err code: 0


***********************************************************************
Fatal NI connect error 12545, connecting to:
 (DESCRIPTION=(ADDRESS=(PROTOCOL=TCP)(HOST=china-4a69e87f1)(PORT=1521))(CONNECT_DATA=(SID=orcl)(PRESENTATION=RO)(SERVICE_NAME=orcl)(CID=(PROGRAM=D:\oracle\product\10.1.0\Db_1\bin\sqlplus.exe)(HOST=CHINA-4A69E87FF)(USER=Administrator))))

  VERSION INFORMATION:
	TNS for 32-bit Windows: Version 10.1.0.2.0 - Production
	Windows NT TCP/IP NT Protocol Adapter for 32-bit Windows: Version 10.1.0.2.0 - Production
  Time: 06-2月 -2009 14:22:59
  Tracing not turned on.
  Tns error struct:
    ns main err code: 12545
    TNS-12545: Connect failed because target host or object does not exist
    ns secondary err code: 12560
    nt main err code: 515
    TNS-00515: Connect failed because target host or object does not exist
    nt secondary err code: 1001
    nt OS err code: 0


***********************************************************************
Fatal NI connect error 12541, connecting to:
 (DESCRIPTION=(ADDRESS=(PROTOCOL=TCP)(HOST=china-4a69e87ff)(PORT=1521))(CONNECT_DATA=(SID=orcl)(PRESENTATION=RO)(CID=(PROGRAM=D:\oracle\product\10.1.0\Db_1\bin\sqlplus.exe)(HOST=CHINA-4A69E87FF)(USER=Administrator))))

  VERSION INFORMATION:
	TNS for 32-bit Windows: Version 10.1.0.2.0 - Production
	Windows NT TCP/IP NT Protocol Adapter for 32-bit Windows: Version 10.1.0.2.0 - Production
  Time: 06-2月 -2009 14:27:10
  Tracing not turned on.
  Tns error struct:
    ns main err code: 12541
    TNS-12541: TNS:no listener
    ns secondary err code: 12560
    nt main err code: 511
    TNS-00511: No listener
    nt secondary err code: 61
    nt OS err code: 0


***********************************************************************
Fatal NI connect error 12541, connecting to:
 (DESCRIPTION=(ADDRESS=(PROTOCOL=TCP)(HOST=china-4a69e87ff)(PORT=1521))(CONNECT_DATA=(SID=orcl)(PRESENTATION=RO)(SERVER=DEDICATED)(CID=(PROGRAM=D:\oracle\product\10.1.0\Db_1\bin\sqlplus.exe)(HOST=CHINA-4A69E87FF)(USER=Administrator))))

  VERSION INFORMATION:
	TNS for 32-bit Windows: Version 10.1.0.2.0 - Production
	Windows NT TCP/IP NT Protocol Adapter for 32-bit Windows: Version 10.1.0.2.0 - Production
  Time: 06-2月 -2009 14:41:26
  Tracing not turned on.
  Tns error struct:
    ns main err code: 12541
    TNS-12541: TNS:no listener
    ns secondary err code: 12560
    nt main err code: 511
    TNS-00511: No listener
    nt secondary err code: 61
    nt OS err code: 0
