0207 10:33:42 simulator: 201: started 
0207 10:33:42 simulator: 202: tmid       =012345678901234ABCDEFGHIJKLMNO
0207 10:33:42 simulator: 203: serverip   =127.0.0.1
0207 10:33:42 simulator: 204: serverport =7000
0207 10:33:42 simulator: 205: params     ='a=b,c=d,e=f'
0207 10:33:43 simulator: 268: end tmid=012345678901234ABCDEFGHIJKLMNO params='a=b,c=d,e=f'
0207 10:33:55 simulator: 201: started 
0207 10:33:55 simulator: 202: tmid       =012345678901234ABCDEFGHIJKLMNO
0207 10:33:55 simulator: 203: serverip   =192.168.1.6
0207 10:33:55 simulator: 204: serverport =7000
0207 10:33:55 simulator: 205: params     ='a=b,c=d,e=f'
0207 10:33:57 simulator: 225: 发送开通请求
0207 10:33:57 simulator: 231: 收到开通回复 命令: 0x102 代码: 0x0000 完全正确，比毛主席和林副统帅都正确！
0207 10:33:59 simulator: 251: 发送退租请求
0207 10:33:59 simulator: 256: 收到退租回复 命令: 0x103 代码: 0x0000 完全正确，比毛主席和林副统帅都正确！
0207 10:34:25 simulator: 251: 发送退租请求
0207 10:34:25 simulator: 256: 收到退租回复 命令: 0x103 代码: 0x1021 系统从没收到过终端的开通请求
0207 10:34:26 simulator: 225: 发送开通请求
0207 10:34:26 simulator: 231: 收到开通回复 命令: 0x102 代码: 0x0000 完全正确，比毛主席和林副统帅都正确！
0207 10:34:26 simulator: 251: 发送退租请求
0207 10:34:26 simulator: 256: 收到退租回复 命令: 0x103 代码: 0x0000 完全正确，比毛主席和林副统帅都正确！
0207 10:34:26 simulator: 225: 发送开通请求
0207 10:34:26 simulator: 231: 收到开通回复 命令: 0x102 代码: 0x0000 完全正确，比毛主席和林副统帅都正确！
0207 10:34:27 simulator: 251: 发送退租请求
0207 10:34:27 simulator: 256: 收到退租回复 命令: 0x103 代码: 0x0000 完全正确，比毛主席和林副统帅都正确！
0207 10:34:27 simulator: 225: 发送开通请求
0207 10:34:27 simulator: 231: 收到开通回复 命令: 0x102 代码: 0x0000 完全正确，比毛主席和林副统帅都正确！
0207 10:35:25 simulator: 251: 发送退租请求
0207 10:35:25 simulator: 256: 收到退租回复 命令: 0x103 代码: 0x0000 完全正确，比毛主席和林副统帅都正确！
0207 10:40:12 simulator: 225: 发送开通请求
0207 10:40:12 simulator: 231: 收到开通回复 命令: 0x102 代码: 0x0000 完全正确，比毛主席和林副统帅都正确！
0207 10:40:12 simulator: 251: 发送退租请求
0207 10:40:12 simulator: 256: 收到退租回复 命令: 0x103 代码: 0x0000 完全正确，比毛主席和林副统帅都正确！
0207 10:40:13 simulator: 225: 发送开通请求
0207 10:40:13 simulator: 231: 收到开通回复 命令: 0x102 代码: 0x0000 完全正确，比毛主席和林副统帅都正确！
0207 10:40:13 simulator: 251: 发送退租请求
0207 10:40:13 simulator: 256: 收到退租回复 命令: 0x103 代码: 0x0000 完全正确，比毛主席和林副统帅都正确！
0207 10:40:13 simulator: 225: 发送开通请求
0207 10:40:13 simulator: 231: 收到开通回复 命令: 0x102 代码: 0x0000 完全正确，比毛主席和林副统帅都正确！
0207 10:40:14 simulator: 251: 发送退租请求
0207 10:40:14 simulator: 256: 收到退租回复 命令: 0x103 代码: 0x0000 完全正确，比毛主席和林副统帅都正确！
0207 10:40:27 simulator: 268: end tmid=012345678901234ABCDEFGHIJKLMNO params='a=b,c=d,e=f'
0207 10:49:16 simulator: 208: started 
0207 10:49:16 simulator: 209: tmid       =012345678901234ABCDEFGHIJKLMNO
0207 10:49:16 simulator: 210: serverip   =192.168.1.6
0207 10:49:16 simulator: 211: serverport =7000
0207 10:49:16 simulator: 212: params     ='a=b,c=d,e=f'
0207 10:49:28 simulator: 231: 发送开通请求
0207 10:49:28 simulator: 237: 收到开通回复 命令: 0x102 代码: 0x0000 完全正确，比毛主席和林副统帅都正确！
0207 10:49:28 simulator: 257: 发送退租请求
0207 10:49:28 simulator: 262: 收到退租回复 命令: 0x103 代码: 0x0000 完全正确，比毛主席和林副统帅都正确！
0207 10:49:30 simulator: 231: 发送开通请求
0207 10:49:30 simulator: 237: 收到开通回复 命令: 0x102 代码: 0x0000 完全正确，比毛主席和林副统帅都正确！
0207 10:49:30 simulator: 231: 发送开通请求
0207 10:49:30 simulator: 237: 收到开通回复 命令: 0x102 代码: 0x1003 终端状态错误，已经是开通状态
0207 10:49:30 simulator: 257: 发送退租请求
0207 10:49:30 simulator: 262: 收到退租回复 命令: 0x103 代码: 0x0000 完全正确，比毛主席和林副统帅都正确！
0207 10:49:31 simulator: 257: 发送退租请求
0207 10:49:31 simulator: 262: 收到退租回复 命令: 0x103 代码: 0x1021 系统从没收到过终端的开通请求
0207 10:49:31 simulator: 231: 发送开通请求
0207 10:49:31 simulator: 237: 收到开通回复 命令: 0x102 代码: 0x0000 完全正确，比毛主席和林副统帅都正确！
0207 10:49:32 simulator: 274: end tmid=012345678901234ABCDEFGHIJKLMNO params='a=b,c=d,e=f'
0207 11:05:35 simulator: 208: started 
0207 11:05:35 simulator: 209: tmid       =012345678901234ABCDEFGHIJKLMNO
0207 11:05:35 simulator: 210: serverip   =192.168.1.6
0207 11:05:35 simulator: 211: serverport =7000
0207 11:05:35 simulator: 212: params     ='a=b,c=d,e=f'
0207 11:05:39 simulator: 231: 发送开通请求
0207 11:05:39 simulator: 237: 收到开通回复 命令: 0x102 代码: 0x0000 完全正确，比毛主席和林副统帅都正确！
0207 11:05:41 simulator: 257: 发送退租请求
0207 11:05:41 simulator: 262: 收到退租回复 命令: 0x103 代码: 0x0000 完全正确，比毛主席和林副统帅都正确！
0207 11:05:42 simulator: 231: 发送开通请求
0207 11:05:42 simulator: 237: 收到开通回复 命令: 0x102 代码: 0x0000 完全正确，比毛主席和林副统帅都正确！
0207 11:05:43 simulator: 257: 发送退租请求
0207 11:05:43 simulator: 262: 收到退租回复 命令: 0x103 代码: 0x0000 完全正确，比毛主席和林副统帅都正确！
0207 11:06:21 simulator: 231: 发送开通请求
0207 11:06:21 simulator: 237: 收到开通回复 命令: 0x102 代码: 0x0000 完全正确，比毛主席和林副统帅都正确！
0207 11:06:21 simulator: 257: 发送退租请求
0207 11:06:21 simulator: 262: 收到退租回复 命令: 0x103 代码: 0x0000 完全正确，比毛主席和林副统帅都正确！
0207 11:06:30 simulator: 231: 发送开通请求
0207 11:06:30 simulator: 237: 收到开通回复 命令: 0x102 代码: 0x0000 完全正确，比毛主席和林副统帅都正确！
0207 11:06:30 simulator: 257: 发送退租请求
0207 11:06:30 simulator: 262: 收到退租回复 命令: 0x103 代码: 0x0000 完全正确，比毛主席和林副统帅都正确！
0207 11:06:39 simulator: 231: 发送开通请求
0207 11:06:39 simulator: 237: 收到开通回复 命令: 0x102 代码: 0x0000 完全正确，比毛主席和林副统帅都正确！
0207 11:06:39 simulator: 257: 发送退租请求
0207 11:06:39 simulator: 262: 收到退租回复 命令: 0x103 代码: 0x0000 完全正确，比毛主席和林副统帅都正确！
0207 11:06:40 simulator: 231: 发送开通请求
0207 11:06:40 simulator: 237: 收到开通回复 命令: 0x102 代码: 0x0000 完全正确，比毛主席和林副统帅都正确！
0207 11:06:41 simulator: 257: 发送退租请求
0207 11:06:41 simulator: 262: 收到退租回复 命令: 0x103 代码: 0x0000 完全正确，比毛主席和林副统帅都正确！
0207 11:07:51 simulator: 274: end tmid=012345678901234ABCDEFGHIJKLMNO params='a=b,c=d,e=f'
0207 11:12:15 simulator: 208: started 
0207 11:12:15 simulator: 209: tmid       =012345678901234ABCDEFGHIJKLMNO
0207 11:12:15 simulator: 210: serverip   =192.168.1.6
0207 11:12:15 simulator: 211: serverport =7000
0207 11:12:15 simulator: 212: params     ='a=b,c=d,e=f'
0207 11:12:16 simulator: 231: 发送开通请求
0207 11:12:16 simulator: 237: 收到开通回复 命令: 0x102 代码: 0x0000 完全正确，比毛主席和林副统帅都正确！
0207 11:12:17 simulator: 257: 发送退租请求
0207 11:12:17 simulator: 262: 收到退租回复 命令: 0x103 代码: 0x0000 完全正确，比毛主席和林副统帅都正确！
0207 11:12:18 simulator: 231: 发送开通请求
0207 11:12:18 simulator: 237: 收到开通回复 命令: 0x102 代码: 0x0000 完全正确，比毛主席和林副统帅都正确！
0207 11:12:18 simulator: 257: 发送退租请求
0207 11:12:18 simulator: 262: 收到退租回复 命令: 0x103 代码: 0x0000 完全正确，比毛主席和林副统帅都正确！
0207 11:13:33 simulator: 231: 发送开通请求
0207 11:13:33 simulator: 237: 收到开通回复 命令: 0x102 代码: 0x0000 完全正确，比毛主席和林副统帅都正确！
0207 11:13:33 simulator: 231: 发送开通请求
0207 11:13:33 simulator: 237: 收到开通回复 命令: 0x102 代码: 0x1003 终端状态错误，已经是开通状态
0207 11:13:34 simulator: 231: 发送开通请求
0207 11:13:34 simulator: 237: 收到开通回复 命令: 0x102 代码: 0x1003 终端状态错误，已经是开通状态
0207 11:13:34 simulator: 231: 发送开通请求
0207 11:13:34 simulator: 237: 收到开通回复 命令: 0x102 代码: 0x1003 终端状态错误，已经是开通状态
0207 11:13:35 simulator: 231: 发送开通请求
0207 11:13:35 simulator: 237: 收到开通回复 命令: 0x102 代码: 0x1003 终端状态错误，已经是开通状态
0207 11:13:35 simulator: 231: 发送开通请求
0207 11:13:35 simulator: 237: 收到开通回复 命令: 0x102 代码: 0x1003 终端状态错误，已经是开通状态
0207 11:13:36 simulator: 257: 发送退租请求
0207 11:13:36 simulator: 262: 收到退租回复 命令: 0x103 代码: 0x0000 完全正确，比毛主席和林副统帅都正确！
0207 11:13:37 simulator: 257: 发送退租请求
0207 11:13:37 simulator: 262: 收到退租回复 命令: 0x103 代码: 0x1021 系统从没收到过终端的开通请求
0207 11:13:37 simulator: 231: 发送开通请求
0207 11:13:37 simulator: 237: 收到开通回复 命令: 0x102 代码: 0x0000 完全正确，比毛主席和林副统帅都正确！
0207 11:13:38 simulator: 257: 发送退租请求
0207 11:13:38 simulator: 262: 收到退租回复 命令: 0x103 代码: 0x0000 完全正确，比毛主席和林副统帅都正确！
0207 11:13:38 simulator: 257: 发送退租请求
0207 11:13:38 simulator: 262: 收到退租回复 命令: 0x103 代码: 0x1021 系统从没收到过终端的开通请求
0207 11:13:39 simulator: 231: 发送开通请求
0207 11:13:39 simulator: 237: 收到开通回复 命令: 0x102 代码: 0x0000 完全正确，比毛主席和林副统帅都正确！
0207 11:13:39 simulator: 257: 发送退租请求
0207 11:13:39 simulator: 262: 收到退租回复 命令: 0x103 代码: 0x0000 完全正确，比毛主席和林副统帅都正确！
0207 11:13:40 simulator: 231: 发送开通请求
0207 11:13:40 simulator: 237: 收到开通回复 命令: 0x102 代码: 0x0000 完全正确，比毛主席和林副统帅都正确！
0207 11:13:40 simulator: 257: 发送退租请求
0207 11:13:40 simulator: 262: 收到退租回复 命令: 0x103 代码: 0x0000 完全正确，比毛主席和林副统帅都正确！
0207 11:13:41 simulator: 231: 发送开通请求
0207 11:13:41 simulator: 237: 收到开通回复 命令: 0x102 代码: 0x0000 完全正确，比毛主席和林副统帅都正确！
0207 11:13:41 simulator: 257: 发送退租请求
0207 11:13:41 simulator: 262: 收到退租回复 命令: 0x103 代码: 0x0000 完全正确，比毛主席和林副统帅都正确！
0207 11:14:04 simulator: 274: end tmid=012345678901234ABCDEFGHIJKLMNO params='a=b,c=d,e=f'
0207 12:03:14 simulator: 208: started 
0207 12:03:14 simulator: 209: tmid       =012345678901234ABCDEFGHIJKLMNO
0207 12:03:14 simulator: 210: serverip   =192.168.1.6
0207 12:03:14 simulator: 211: serverport =7000
0207 12:03:14 simulator: 212: params     ='a=b,c=d,e=f'
0207 12:03:16 simulator: 231: 发送开通请求
0207 12:03:16 simulator: 237: 收到开通回复 命令: 0x102 代码: 0x0000 完全正确，比毛主席和林副统帅都正确！
0207 12:03:17 simulator: 257: 发送退租请求
0207 12:03:17 simulator: 262: 收到退租回复 命令: 0x103 代码: 0x0000 完全正确，比毛主席和林副统帅都正确！
0207 12:03:19 simulator: 231: 发送开通请求
0207 12:03:19 simulator: 237: 收到开通回复 命令: 0x102 代码: 0x0000 完全正确，比毛主席和林副统帅都正确！
0207 12:03:20 simulator: 257: 发送退租请求
0207 12:03:20 simulator: 262: 收到退租回复 命令: 0x103 代码: 0x0000 完全正确，比毛主席和林副统帅都正确！
0207 12:03:22 simulator: 274: end tmid=012345678901234ABCDEFGHIJKLMNO params='a=b,c=d,e=f'
0207 12:17:10 simulator: 208: started 
0207 12:17:10 simulator: 209: tmid       =012345678901234ABCDEFGHIJKLMNO
0207 12:17:10 simulator: 210: serverip   =192.168.1.6
0207 12:17:10 simulator: 211: serverport =7000
0207 12:17:10 simulator: 212: params     ='a=b,c=d,e=f'
0207 12:17:17 simulator: 231: 发送开通请求
0207 12:17:17 simulator: 237: 收到开通回复 命令: 0x102 代码: 0x0000 完全正确，比毛主席和林副统帅都正确！
0207 12:17:18 simulator: 257: 发送退租请求
0207 12:17:18 simulator: 262: 收到退租回复 命令: 0x103 代码: 0x0000 完全正确，比毛主席和林副统帅都正确！
0207 12:17:19 simulator: 274: end tmid=012345678901234ABCDEFGHIJKLMNO params='a=b,c=d,e=f'
0207 12:18:29 simulator: 208: started 
0207 12:18:29 simulator: 209: tmid       =012345678901234ABCDEFGHIJKLMNO
0207 12:18:29 simulator: 210: serverip   =192.168.1.6
0207 12:18:29 simulator: 211: serverport =7000
0207 12:18:29 simulator: 212: params     ='a=b,c=d,e=f'
0207 12:18:31 simulator: 231: 发送开通请求
0207 12:18:31 simulator: 237: 收到开通回复 命令: 0x102 代码: 0x0000 完全正确，比毛主席和林副统帅都正确！
0207 12:18:32 simulator: 257: 发送退租请求
0207 12:18:32 simulator: 262: 收到退租回复 命令: 0x103 代码: 0x0000 完全正确，比毛主席和林副统帅都正确！
0207 12:18:36 simulator: 274: end tmid=012345678901234ABCDEFGHIJKLMNO params='a=b,c=d,e=f'
0207 12:31:51 simulator: 208: started 
0207 12:31:51 simulator: 209: tmid       =012345678901234ABCDEFGHIJKLMNO
0207 12:31:51 simulator: 210: serverip   =192.168.1.6
0207 12:31:51 simulator: 211: serverport =7000
0207 12:31:51 simulator: 212: params     ='a=b,c=d,e=f'
0207 12:31:52 simulator: 231: 发送开通请求
0207 12:31:52 simulator: 237: 收到开通回复 命令: 0x102 代码: 0x0000 完全正确，比毛主席和林副统帅都正确！
0207 12:31:53 simulator: 257: 发送退租请求
0207 12:31:53 simulator: 262: 收到退租回复 命令: 0x103 代码: 0x0000 完全正确，比毛主席和林副统帅都正确！
0207 12:32:08 simulator: 231: 发送开通请求
0207 12:32:08 simulator: 237: 收到开通回复 命令: 0x102 代码: 0x0000 完全正确，比毛主席和林副统帅都正确！
0207 12:32:10 simulator: 257: 发送退租请求
0207 12:32:10 simulator: 262: 收到退租回复 命令: 0x103 代码: 0x0000 完全正确，比毛主席和林副统帅都正确！
0207 12:39:14 simulator: 231: 发送开通请求
0207 12:39:14 simulator: 237: 收到开通回复 命令: 0x102 代码: 0x0000 完全正确，比毛主席和林副统帅都正确！
0207 12:39:15 simulator: 257: 发送退租请求
0207 12:39:15 simulator: 262: 收到退租回复 命令: 0x103 代码: 0x0000 完全正确，比毛主席和林副统帅都正确！
0207 12:45:12 simulator: 257: 发送退租请求
0207 12:45:12 simulator: 262: 收到退租回复 命令: 0x103 代码: 0x1021 系统从没收到过终端的开通请求
0207 12:45:12 simulator: 257: 发送退租请求
0207 12:45:12 simulator: 262: 收到退租回复 命令: 0x103 代码: 0x1021 系统从没收到过终端的开通请求
0207 12:45:12 simulator: 257: 发送退租请求
0207 12:45:12 simulator: 262: 收到退租回复 命令: 0x103 代码: 0x1021 系统从没收到过终端的开通请求
0207 12:45:13 simulator: 257: 发送退租请求
0207 12:45:13 simulator: 262: 收到退租回复 命令: 0x103 代码: 0x1021 系统从没收到过终端的开通请求
0207 12:45:13 simulator: 257: 发送退租请求
0207 12:45:13 simulator: 262: 收到退租回复 命令: 0x103 代码: 0x1021 系统从没收到过终端的开通请求
0207 12:45:13 simulator: 231: 发送开通请求
0207 12:45:13 simulator: 237: 收到开通回复 命令: 0x102 代码: 0x0000 完全正确，比毛主席和林副统帅都正确！
0207 12:45:14 simulator: 231: 发送开通请求
0207 12:45:14 simulator: 237: 收到开通回复 命令: 0x102 代码: 0x1003 终端状态错误，已经是开通状态
0207 12:45:14 simulator: 257: 发送退租请求
0207 12:45:14 simulator: 262: 收到退租回复 命令: 0x103 代码: 0x0000 完全正确，比毛主席和林副统帅都正确！
0207 12:45:15 simulator: 231: 发送开通请求
0207 12:45:15 simulator: 237: 收到开通回复 命令: 0x102 代码: 0x0000 完全正确，比毛主席和林副统帅都正确！
0207 12:45:15 simulator: 231: 发送开通请求
0207 12:45:15 simulator: 237: 收到开通回复 命令: 0x102 代码: 0x1003 终端状态错误，已经是开通状态
0207 12:45:15 simulator: 231: 发送开通请求
0207 12:45:15 simulator: 237: 收到开通回复 命令: 0x102 代码: 0x1003 终端状态错误，已经是开通状态
0207 12:45:15 simulator: 231: 发送开通请求
0207 12:45:15 simulator: 237: 收到开通回复 命令: 0x102 代码: 0x1003 终端状态错误，已经是开通状态
0207 12:45:15 simulator: 231: 发送开通请求
0207 12:45:15 simulator: 237: 收到开通回复 命令: 0x102 代码: 0x1003 终端状态错误，已经是开通状态
0207 12:45:16 simulator: 231: 发送开通请求
0207 12:45:16 simulator: 237: 收到开通回复 命令: 0x102 代码: 0x1003 终端状态错误，已经是开通状态
0207 12:45:16 simulator: 231: 发送开通请求
0207 12:45:16 simulator: 237: 收到开通回复 命令: 0x102 代码: 0x1003 终端状态错误，已经是开通状态
0207 12:45:16 simulator: 257: 发送退租请求
0207 12:45:16 simulator: 262: 收到退租回复 命令: 0x103 代码: 0x0000 完全正确，比毛主席和林副统帅都正确！
0207 12:45:19 simulator: 231: 发送开通请求
0207 12:45:19 simulator: 237: 收到开通回复 命令: 0x102 代码: 0x0000 完全正确，比毛主席和林副统帅都正确！
0207 12:45:20 simulator: 257: 发送退租请求
0207 12:45:20 simulator: 262: 收到退租回复 命令: 0x103 代码: 0x0000 完全正确，比毛主席和林副统帅都正确！
0207 12:46:14 simulator: 231: 发送开通请求
0207 12:46:14 simulator: 237: 收到开通回复 命令: 0x102 代码: 0x0000 完全正确，比毛主席和林副统帅都正确！
0207 12:47:20 simulator: 257: 发送退租请求
0207 12:47:20 simulator: 262: 收到退租回复 命令: 0x103 代码: 0x0000 完全正确，比毛主席和林副统帅都正确！
0207 12:53:04 simulator: 231: 发送开通请求
0207 12:53:04 simulator: 237: 收到开通回复 命令: 0x102 代码: 0x0000 完全正确，比毛主席和林副统帅都正确！
0207 12:53:58 simulator: 257: 发送退租请求
0207 12:53:58 simulator: 262: 收到退租回复 命令: 0x103 代码: 0x0000 完全正确，比毛主席和林副统帅都正确！
0207 12:53:58 simulator: 231: 发送开通请求
0207 12:53:58 simulator: 237: 收到开通回复 命令: 0x102 代码: 0x0000 完全正确，比毛主席和林副统帅都正确！
0207 12:53:59 simulator: 257: 发送退租请求
0207 12:53:59 simulator: 262: 收到退租回复 命令: 0x103 代码: 0x0000 完全正确，比毛主席和林副统帅都正确！
0207 12:53:59 simulator: 231: 发送开通请求
0207 12:53:59 simulator: 237: 收到开通回复 命令: 0x102 代码: 0x0000 完全正确，比毛主席和林副统帅都正确！
0207 12:54:00 simulator: 257: 发送退租请求
0207 12:54:00 simulator: 262: 收到退租回复 命令: 0x103 代码: 0x0000 完全正确，比毛主席和林副统帅都正确！
0207 12:54:00 simulator: 231: 发送开通请求
0207 12:54:00 simulator: 237: 收到开通回复 命令: 0x102 代码: 0x0000 完全正确，比毛主席和林副统帅都正确！
0207 12:54:00 simulator: 257: 发送退租请求
0207 12:54:00 simulator: 262: 收到退租回复 命令: 0x103 代码: 0x0000 完全正确，比毛主席和林副统帅都正确！
0207 12:54:01 simulator: 231: 发送开通请求
0207 12:54:01 simulator: 237: 收到开通回复 命令: 0x102 代码: 0x0000 完全正确，比毛主席和林副统帅都正确！
0207 12:54:01 simulator: 257: 发送退租请求
0207 12:54:01 simulator: 262: 收到退租回复 命令: 0x103 代码: 0x0000 完全正确，比毛主席和林副统帅都正确！
0207 12:54:01 simulator: 231: 发送开通请求
0207 12:54:01 simulator: 237: 收到开通回复 命令: 0x102 代码: 0x0000 完全正确，比毛主席和林副统帅都正确！
0207 12:54:02 simulator: 257: 发送退租请求
0207 12:54:02 simulator: 262: 收到退租回复 命令: 0x103 代码: 0x0000 完全正确，比毛主席和林副统帅都正确！
0207 12:54:02 simulator: 231: 发送开通请求
0207 12:54:02 simulator: 237: 收到开通回复 命令: 0x102 代码: 0x0000 完全正确，比毛主席和林副统帅都正确！
0207 12:54:03 simulator: 257: 发送退租请求
0207 12:54:03 simulator: 262: 收到退租回复 命令: 0x103 代码: 0x0000 完全正确，比毛主席和林副统帅都正确！
0207 12:54:03 simulator: 231: 发送开通请求
0207 12:54:03 simulator: 237: 收到开通回复 命令: 0x102 代码: 0x0000 完全正确，比毛主席和林副统帅都正确！
0207 12:54:03 simulator: 257: 发送退租请求
0207 12:54:03 simulator: 262: 收到退租回复 命令: 0x103 代码: 0x0000 完全正确，比毛主席和林副统帅都正确！
0207 12:54:04 simulator: 231: 发送开通请求
0207 12:54:04 simulator: 237: 收到开通回复 命令: 0x102 代码: 0x0000 完全正确，比毛主席和林副统帅都正确！
0207 12:54:04 simulator: 257: 发送退租请求
0207 12:54:04 simulator: 262: 收到退租回复 命令: 0x103 代码: 0x0000 完全正确，比毛主席和林副统帅都正确！
0207 12:54:04 simulator: 231: 发送开通请求
0207 12:54:04 simulator: 237: 收到开通回复 命令: 0x102 代码: 0x0000 完全正确，比毛主席和林副统帅都正确！
0207 12:54:05 simulator: 257: 发送退租请求
0207 12:54:05 simulator: 262: 收到退租回复 命令: 0x103 代码: 0x0000 完全正确，比毛主席和林副统帅都正确！
0207 12:54:05 simulator: 231: 发送开通请求
0207 12:54:05 simulator: 237: 收到开通回复 命令: 0x102 代码: 0x0000 完全正确，比毛主席和林副统帅都正确！
0207 12:54:06 simulator: 257: 发送退租请求
0207 12:54:06 simulator: 262: 收到退租回复 命令: 0x103 代码: 0x0000 完全正确，比毛主席和林副统帅都正确！
0207 12:54:06 simulator: 231: 发送开通请求
0207 12:54:06 simulator: 237: 收到开通回复 命令: 0x102 代码: 0x0000 完全正确，比毛主席和林副统帅都正确！
0207 12:54:06 simulator: 257: 发送退租请求
0207 12:54:06 simulator: 262: 收到退租回复 命令: 0x103 代码: 0x0000 完全正确，比毛主席和林副统帅都正确！
0207 12:54:07 simulator: 231: 发送开通请求
0207 12:54:07 simulator: 237: 收到开通回复 命令: 0x102 代码: 0x0000 完全正确，比毛主席和林副统帅都正确！
0207 12:54:07 simulator: 257: 发送退租请求
0207 12:54:07 simulator: 262: 收到退租回复 命令: 0x103 代码: 0x0000 完全正确，比毛主席和林副统帅都正确！
0207 12:54:08 simulator: 231: 发送开通请求
0207 12:54:08 simulator: 237: 收到开通回复 命令: 0x102 代码: 0x0000 完全正确，比毛主席和林副统帅都正确！
0207 12:54:08 simulator: 257: 发送退租请求
0207 12:54:08 simulator: 262: 收到退租回复 命令: 0x103 代码: 0x0000 完全正确，比毛主席和林副统帅都正确！
0207 12:54:09 simulator: 231: 发送开通请求
0207 12:54:09 simulator: 237: 收到开通回复 命令: 0x102 代码: 0x0000 完全正确，比毛主席和林副统帅都正确！
0207 12:54:09 simulator: 257: 发送退租请求
0207 12:54:09 simulator: 262: 收到退租回复 命令: 0x103 代码: 0x0000 完全正确，比毛主席和林副统帅都正确！
0207 12:54:09 simulator: 231: 发送开通请求
0207 12:54:09 simulator: 237: 收到开通回复 命令: 0x102 代码: 0x0000 完全正确，比毛主席和林副统帅都正确！
0207 12:54:10 simulator: 257: 发送退租请求
0207 12:54:10 simulator: 262: 收到退租回复 命令: 0x103 代码: 0x0000 完全正确，比毛主席和林副统帅都正确！
0207 12:54:11 simulator: 231: 发送开通请求
0207 12:54:11 simulator: 237: 收到开通回复 命令: 0x102 代码: 0x0000 完全正确，比毛主席和林副统帅都正确！
0207 12:54:11 simulator: 257: 发送退租请求
0207 12:54:11 simulator: 262: 收到退租回复 命令: 0x103 代码: 0x0000 完全正确，比毛主席和林副统帅都正确！
0207 12:54:13 simulator: 231: 发送开通请求
0207 12:54:13 simulator: 237: 收到开通回复 命令: 0x102 代码: 0x0000 完全正确，比毛主席和林副统帅都正确！
0207 12:54:15 simulator: 231: 发送开通请求
0207 12:54:15 simulator: 237: 收到开通回复 命令: 0x102 代码: 0x1003 终端状态错误，已经是开通状态
0207 13:56:13 simulator: 257: 发送退租请求
0207 13:56:13 simulator: 262: 收到退租回复 命令: 0x103 代码: 0x1021 系统从没收到过终端的开通请求
0207 13:56:44 simulator: 231: 发送开通请求
0207 13:56:44 simulator: 237: 收到开通回复 命令: 0x102 代码: 0x0000 完全正确，比毛主席和林副统帅都正确！
0207 13:56:46 simulator: 257: 发送退租请求
0207 13:56:46 simulator: 262: 收到退租回复 命令: 0x103 代码: 0x0000 完全正确，比毛主席和林副统帅都正确！
0207 14:16:47 simulator: 231: 发送开通请求
0207 14:16:47 simulator: 237: 收到开通回复 命令: 0x102 代码: 0x0000 完全正确，比毛主席和林副统帅都正确！
0207 14:16:50 simulator: 257: 发送退租请求
0207 14:16:50 simulator: 262: 收到退租回复 命令: 0x103 代码: 0x0000 完全正确，比毛主席和林副统帅都正确！
0207 14:16:50 simulator: 257: 发送退租请求
0207 14:16:50 simulator: 262: 收到退租回复 命令: 0x103 代码: 0x1021 系统从没收到过终端的开通请求
0207 14:16:58 simulator: 274: end tmid=012345678901234ABCDEFGHIJKLMNO params='a=b,c=d,e=f'
0207 21:47:20 simulator: 208: started 
0207 21:47:20 simulator: 209: tmid       =012345678901234ABCDEFGHIJKLMNO
0207 21:47:20 simulator: 210: serverip   =192.168.1.6
0207 21:47:20 simulator: 211: serverport =7000
0207 21:47:20 simulator: 212: params     ='a=b,c=d,e=f'
0207 21:47:24 simulator: 273: 发送开通请求
0207 21:47:24 simulator: 279: 收到开通回复 命令: 0x102 代码: 0x0000 完全正确，比毛主席和林副统帅都正确！
0207 21:47:24 simulator: 221: 断开处理
0207 21:47:24 simulator: 230: 收到服务器传递过来的命令: 0011
0207 21:47:24 simulator: 244: 修改系统参数: wap=list列表
0207 21:47:24 simulator: 230: 收到服务器传递过来的命令: 0000
0207 21:47:26 simulator: 301: 发送退租请求
0207 21:47:26 simulator: 306: 收到退租回复 命令: 0x103 代码: 0x0000 完全正确，比毛主席和林副统帅都正确！
0207 21:47:26 simulator: 221: 断开处理
0207 21:47:26 simulator: 230: 收到服务器传递过来的命令: 0011
0207 21:47:26 simulator: 244: 修改系统参数: wap=list列表
0207 21:47:26 simulator: 230: 收到服务器传递过来的命令: 0000
0207 22:08:43 simulator: 273: 发送开通请求
0207 22:08:43 simulator: 279: 收到开通回复 命令: 0x102 代码: 0x0000 完全正确，比毛主席和林副统帅都正确！
0207 22:08:43 simulator: 221: 断开处理
0207 22:08:43 simulator: 230: 收到服务器传递过来的命令: 0011
0207 22:08:43 simulator: 244: 修改系统参数: wap=list列表
0207 22:08:43 simulator: 230: 收到服务器传递过来的命令: 0000
0207 22:08:44 simulator: 301: 发送退租请求
0207 22:08:44 simulator: 306: 收到退租回复 命令: 0x103 代码: 0x0000 完全正确，比毛主席和林副统帅都正确！
0207 22:08:44 simulator: 221: 断开处理
0207 22:08:44 simulator: 230: 收到服务器传递过来的命令: 0011
0207 22:08:44 simulator: 244: 修改系统参数: wap=list列表
0207 22:08:44 simulator: 230: 收到服务器传递过来的命令: 0000
0207 22:10:30 simulator: 301: 发送退租请求
0207 22:10:30 simulator: 306: 收到退租回复 命令: 0x103 代码: 0x1021 系统从没收到过终端的开通请求
0207 22:10:30 simulator: 221: 断开处理
0207 22:10:30 simulator: 230: 收到服务器传递过来的命令: 0011
0207 22:10:30 simulator: 244: 修改系统参数: wap=list列表
0207 22:10:30 simulator: 230: 收到服务器传递过来的命令: 0000
0207 22:10:30 simulator: 273: 发送开通请求
0207 22:10:30 simulator: 279: 收到开通回复 命令: 0x102 代码: 0x0000 完全正确，比毛主席和林副统帅都正确！
0207 22:10:30 simulator: 221: 断开处理
0207 22:10:30 simulator: 230: 收到服务器传递过来的命令: 0011
0207 22:10:30 simulator: 244: 修改系统参数: wap=list列表
0207 22:10:30 simulator: 230: 收到服务器传递过来的命令: 0000
0207 22:10:30 simulator: 301: 发送退租请求
0207 22:10:30 simulator: 306: 收到退租回复 命令: 0x103 代码: 0x0000 完全正确，比毛主席和林副统帅都正确！
0207 22:10:30 simulator: 221: 断开处理
0207 22:10:30 simulator: 230: 收到服务器传递过来的命令: 0011
0207 22:10:30 simulator: 244: 修改系统参数: wap=list列表
0207 22:10:30 simulator: 230: 收到服务器传递过来的命令: 0000
0207 22:10:31 simulator: 273: 发送开通请求
0207 22:10:31 simulator: 279: 收到开通回复 命令: 0x102 代码: 0x0000 完全正确，比毛主席和林副统帅都正确！
0207 22:10:31 simulator: 221: 断开处理
0207 22:10:31 simulator: 230: 收到服务器传递过来的命令: 0011
0207 22:10:31 simulator: 244: 修改系统参数: wap=list列表
0207 22:10:31 simulator: 230: 收到服务器传递过来的命令: 0000
0207 22:10:32 simulator: 301: 发送退租请求
0207 22:10:32 simulator: 306: 收到退租回复 命令: 0x103 代码: 0x0000 完全正确，比毛主席和林副统帅都正确！
0207 22:10:32 simulator: 221: 断开处理
0207 22:10:32 simulator: 230: 收到服务器传递过来的命令: 0011
0207 22:10:32 simulator: 244: 修改系统参数: wap=list列表
0207 22:10:32 simulator: 230: 收到服务器传递过来的命令: 0000
0207 22:10:32 simulator: 273: 发送开通请求
0207 22:10:32 simulator: 279: 收到开通回复 命令: 0x102 代码: 0x0000 完全正确，比毛主席和林副统帅都正确！
0207 22:10:32 simulator: 221: 断开处理
0207 22:10:32 simulator: 230: 收到服务器传递过来的命令: 0011
0207 22:10:32 simulator: 244: 修改系统参数: wap=list列表
0207 22:10:32 simulator: 230: 收到服务器传递过来的命令: 0000
0207 22:10:33 simulator: 301: 发送退租请求
0207 22:10:33 simulator: 306: 收到退租回复 命令: 0x103 代码: 0x0000 完全正确，比毛主席和林副统帅都正确！
0207 22:10:33 simulator: 221: 断开处理
0207 22:10:33 simulator: 230: 收到服务器传递过来的命令: 0011
0207 22:10:33 simulator: 244: 修改系统参数: wap=list列表
0207 22:10:33 simulator: 230: 收到服务器传递过来的命令: 0000
0207 22:11:00 simulator: 318: end tmid=012345678901234ABCDEFGHIJKLMNO params='wap=list列表'
0207 23:08:50 simulator: 208: started 
0207 23:08:50 simulator: 209: tmid       =012345678901234ABCDEFGHIJKLMNO
0207 23:08:50 simulator: 210: serverip   =192.168.1.6
0207 23:08:50 simulator: 211: serverport =7000
0207 23:08:50 simulator: 212: params     ='a=b,c=d,e=f'
0207 23:08:52 simulator: 273: 发送开通请求
0207 23:08:52 simulator: 279: 收到开通回复 命令: 0x102 代码: 0x0000 完全正确，比毛主席和林副统帅都正确！
0207 23:08:52 simulator: 221: 断开处理
0207 23:08:52 simulator: 230: 收到服务器传递过来的命令: 0011
0207 23:08:52 simulator: 244: 修改系统参数: wap=list列表
0207 23:08:52 simulator: 230: 收到服务器传递过来的命令: 0000
0207 23:08:53 simulator: 301: 发送退租请求
0207 23:08:53 simulator: 306: 收到退租回复 命令: 0x103 代码: 0x0000 完全正确，比毛主席和林副统帅都正确！
0207 23:08:53 simulator: 221: 断开处理
0207 23:08:53 simulator: 230: 收到服务器传递过来的命令: 0011
0207 23:08:53 simulator: 244: 修改系统参数: wap=list列表
0207 23:08:53 simulator: 230: 收到服务器传递过来的命令: 0000
0207 23:08:56 simulator: 318: end tmid=012345678901234ABCDEFGHIJKLMNO params='wap=list列表'
0207 23:08:57 simulator: 208: started 
0207 23:08:57 simulator: 209: tmid       =012345678901234ABCDEFGHIJKLMNO
0207 23:08:57 simulator: 210: serverip   =192.168.1.6
0207 23:08:57 simulator: 211: serverport =7000
0207 23:08:57 simulator: 212: params     ='a=b,c=d,e=f'
0207 23:08:59 simulator: 273: 发送开通请求
0207 23:08:59 simulator: 279: 收到开通回复 命令: 0x102 代码: 0x0000 完全正确，比毛主席和林副统帅都正确！
0207 23:08:59 simulator: 221: 断开处理
0207 23:08:59 simulator: 230: 收到服务器传递过来的命令: 0011
0207 23:08:59 simulator: 244: 修改系统参数: wap=list列表
0207 23:08:59 simulator: 230: 收到服务器传递过来的命令: 0000
0207 23:09:00 simulator: 301: 发送退租请求
0207 23:09:00 simulator: 306: 收到退租回复 命令: 0x103 代码: 0x0000 完全正确，比毛主席和林副统帅都正确！
0207 23:09:00 simulator: 221: 断开处理
0207 23:09:00 simulator: 230: 收到服务器传递过来的命令: 0011
0207 23:09:00 simulator: 244: 修改系统参数: wap=list列表
0207 23:09:00 simulator: 230: 收到服务器传递过来的命令: 0000
0207 23:09:01 simulator: 318: end tmid=012345678901234ABCDEFGHIJKLMNO params='wap=list列表'
0308 15:12:10 simulator: 208: started 
0308 15:12:10 simulator: 209: tmid       =012345678901234ABCDEFGHIJKLMNO
0308 15:12:10 simulator: 210: serverip   =192.168.1.6
0308 15:12:10 simulator: 211: serverport =7000
0308 15:12:10 simulator: 212: params     ='a=b,c=d,e=f'
0308 15:12:12 simulator: 318: end tmid=012345678901234ABCDEFGHIJKLMNO params='a=b,c=d,e=f'
0308 15:12:17 simulator: 208: started 
0308 15:12:17 simulator: 209: tmid       =012345678901234ABCDEFGHIJKLMNO
0308 15:12:17 simulator: 210: serverip   =192.168.1.6
0308 15:12:17 simulator: 211: serverport =7000
0308 15:12:17 simulator: 212: params     ='a=b,c=d,e=f'
0308 15:12:19 simulator: 318: end tmid=012345678901234ABCDEFGHIJKLMNO params='a=b,c=d,e=f'
0429 00:28:53 simulator: 208: started 
0429 00:28:53 simulator: 209: tmid       =012345678901234ABCDEFGHIJKLMNO
0429 00:28:53 simulator: 210: serverip   =192.168.1.6
0429 00:28:53 simulator: 211: serverport =7000
0429 00:28:53 simulator: 212: params     ='a=b,c=d,e=f'
0429 00:28:56 simulator: 318: end tmid=012345678901234ABCDEFGHIJKLMNO params='a=b,c=d,e=f'
0708 23:49:05 simulator: 208: started 
0708 23:49:05 simulator: 209: tmid       =012345678901234ABCDEFGHIJKLMNO
0708 23:49:05 simulator: 210: serverip   =192.168.1.6
0708 23:49:05 simulator: 211: serverport =7000
0708 23:49:05 simulator: 212: params     ='a=b,c=d,e=f'
0708 23:49:12 simulator: 318: end tmid=012345678901234ABCDEFGHIJKLMNO params='a=b,c=d,e=f'
0818 21:49:11 simulator: 208: started 
0818 21:49:11 simulator: 209: tmid       =012345678901234ABCDEFGHIJKLMNO
0818 21:49:11 simulator: 210: serverip   =192.168.1.6
0818 21:49:11 simulator: 211: serverport =7000
0818 21:49:11 simulator: 212: params     ='a=b,c=d,e=f'
0818 21:49:13 simulator: 318: end tmid=012345678901234ABCDEFGHIJKLMNO params='a=b,c=d,e=f'
0923 23:52:54 simulator: 208: started 
0923 23:52:54 simulator: 209: tmid       =012345678901234ABCDEFGHIJKLMNO
0923 23:52:54 simulator: 210: serverip   =192.168.1.6
0923 23:52:54 simulator: 211: serverport =7000
0923 23:52:54 simulator: 212: params     ='a=b,c=d,e=f'
0923 23:53:08 simulator: 318: end tmid=012345678901234ABCDEFGHIJKLMNO params='a=b,c=d,e=f'
0924 00:29:16 simulator: 208: started 
0924 00:29:16 simulator: 209: tmid       =012345678901234ABCDEFGHIJKLMNO
0924 00:29:16 simulator: 210: serverip   =192.168.1.6
0924 00:29:16 simulator: 211: serverport =7000
0924 00:29:16 simulator: 212: params     ='a=b,c=d,e=f'
0924 00:29:19 simulator: 318: end tmid=012345678901234ABCDEFGHIJKLMNO params='a=b,c=d,e=f'
0924 00:29:28 simulator: 208: started 
0924 00:29:28 simulator: 209: tmid       =012345678901234ABCDEFGHIJKLMNO
0924 00:29:28 simulator: 210: serverip   =127.0.0.1
0924 00:29:28 simulator: 211: serverport =7000
0924 00:29:28 simulator: 212: params     ='a=b,c=d,e=f'
0924 00:29:39 simulator: 273: 发送开通请求
0924 00:29:39 simulator: 279: 收到开通回复 命令: 0x102 代码: 0x1019 系统有致命错误而拒绝了终端登录
0924 00:29:39 simulator: 221: 断开处理
0924 00:29:39 simulator: 230: 收到服务器传递过来的命令: 0117
0924 00:29:53 simulator: 301: 发送退租请求
0924 00:29:53 simulator: 306: 收到退租回复 命令: 0x103 代码: 0x1021 系统从没收到过终端的开通请求
0924 00:29:53 simulator: 221: 断开处理
0924 00:29:53 simulator: 230: 收到服务器传递过来的命令: 0117
0924 00:30:03 simulator: 273: 发送开通请求
0924 00:30:03 simulator: 279: 收到开通回复 命令: 0x102 代码: 0x1019 系统有致命错误而拒绝了终端登录
0924 00:30:03 simulator: 221: 断开处理
0924 00:30:03 simulator: 230: 收到服务器传递过来的命令: 0117
0924 00:30:04 simulator: 318: end tmid=012345678901234ABCDEFGHIJKLMNO params='a=b,c=d,e=f'
0924 00:30:06 simulator: 208: started 
0924 00:30:06 simulator: 209: tmid       =012345678901234ABCDEFGHIJKLMNO
0924 00:30:06 simulator: 210: serverip   =127.0.0.1
0924 00:30:06 simulator: 211: serverport =7000
0924 00:30:06 simulator: 212: params     ='a=b,c=d,e=f'
0924 00:30:09 simulator: 273: 发送开通请求
0924 00:30:09 simulator: 279: 收到开通回复 命令: 0x102 代码: 0x1019 系统有致命错误而拒绝了终端登录
0924 00:30:09 simulator: 221: 断开处理
0924 00:30:09 simulator: 230: 收到服务器传递过来的命令: 0117
0924 00:30:15 simulator: 318: end tmid=012345678901234ABCDEFGHIJKLMNO params='a=b,c=d,e=f'
0924 00:30:42 simulator: 208: started 
0924 00:30:42 simulator: 209: tmid       =012345678901234ABCDEFGHIJKLMNO
0924 00:30:42 simulator: 210: serverip   =127.0.0.1
0924 00:30:42 simulator: 211: serverport =7000
0924 00:30:42 simulator: 212: params     ='a=b,c=d,e=f'
0924 00:31:34 simulator: 273: 发送开通请求
0924 00:31:34 simulator: 279: 收到开通回复 命令: 0x102 代码: 0x1019 系统有致命错误而拒绝了终端登录
0924 00:31:34 simulator: 221: 断开处理
0924 00:31:34 simulator: 230: 收到服务器传递过来的命令: 0117
0924 00:31:57 simulator: 301: 发送退租请求
0924 00:31:57 simulator: 306: 收到退租回复 命令: 0x103 代码: 0x1021 系统从没收到过终端的开通请求
0924 00:31:57 simulator: 221: 断开处理
0924 00:31:57 simulator: 230: 收到服务器传递过来的命令: 0117
0924 00:32:00 simulator: 301: 发送退租请求
0924 00:32:00 simulator: 306: 收到退租回复 命令: 0x103 代码: 0x1021 系统从没收到过终端的开通请求
0924 00:32:00 simulator: 221: 断开处理
0924 00:32:00 simulator: 230: 收到服务器传递过来的命令: 0117
0924 00:32:01 simulator: 301: 发送退租请求
0924 00:32:01 simulator: 306: 收到退租回复 命令: 0x103 代码: 0x1021 系统从没收到过终端的开通请求
0924 00:32:01 simulator: 221: 断开处理
0924 00:32:01 simulator: 230: 收到服务器传递过来的命令: 0117
0924 00:32:02 simulator: 273: 发送开通请求
0924 00:32:02 simulator: 279: 收到开通回复 命令: 0x102 代码: 0x1019 系统有致命错误而拒绝了终端登录
0924 00:32:02 simulator: 221: 断开处理
0924 00:32:02 simulator: 230: 收到服务器传递过来的命令: 0117
0924 00:32:03 simulator: 273: 发送开通请求
0924 00:32:03 simulator: 279: 收到开通回复 命令: 0x102 代码: 0x1019 系统有致命错误而拒绝了终端登录
0924 00:32:03 simulator: 221: 断开处理
0924 00:32:03 simulator: 230: 收到服务器传递过来的命令: 0117
0924 00:32:04 simulator: 273: 发送开通请求
0924 00:32:05 simulator: 279: 收到开通回复 命令: 0x102 代码: 0x1019 系统有致命错误而拒绝了终端登录
0924 00:32:05 simulator: 221: 断开处理
0924 00:32:05 simulator: 230: 收到服务器传递过来的命令: 0117
0924 00:32:05 simulator: 273: 发送开通请求
0924 00:32:05 simulator: 279: 收到开通回复 命令: 0x102 代码: 0x1019 系统有致命错误而拒绝了终端登录
0924 00:32:05 simulator: 221: 断开处理
0924 00:32:05 simulator: 230: 收到服务器传递过来的命令: 0117
0924 00:32:06 simulator: 273: 发送开通请求
0924 00:32:06 simulator: 279: 收到开通回复 命令: 0x102 代码: 0x1019 系统有致命错误而拒绝了终端登录
0924 00:32:06 simulator: 221: 断开处理
0924 00:32:06 simulator: 230: 收到服务器传递过来的命令: 0117
0924 00:32:07 simulator: 273: 发送开通请求
0924 00:32:07 simulator: 279: 收到开通回复 命令: 0x102 代码: 0x1019 系统有致命错误而拒绝了终端登录
0924 00:32:07 simulator: 221: 断开处理
0924 00:32:07 simulator: 230: 收到服务器传递过来的命令: 0117
0924 00:32:07 simulator: 273: 发送开通请求
0924 00:32:07 simulator: 279: 收到开通回复 命令: 0x102 代码: 0x1019 系统有致命错误而拒绝了终端登录
0924 00:32:07 simulator: 221: 断开处理
0924 00:32:07 simulator: 230: 收到服务器传递过来的命令: 0117
0924 00:32:44 simulator: 318: end tmid=012345678901234ABCDEFGHIJKLMNO params='a=b,c=d,e=f'
0924 00:33:22 simulator: 208: started 
0924 00:33:22 simulator: 209: tmid       =012345678901234ABCDEFGHIJKLMNO
0924 00:33:22 simulator: 210: serverip   =127.0.0.1
0924 00:33:22 simulator: 211: serverport =7000
0924 00:33:22 simulator: 212: params     ='a=b,c=d,e=f'
0924 00:33:32 simulator: 273: 发送开通请求
0924 00:33:32 simulator: 279: 收到开通回复 命令: 0x102 代码: 0x1019 系统有致命错误而拒绝了终端登录
0924 00:33:32 simulator: 221: 断开处理
0924 00:33:32 simulator: 230: 收到服务器传递过来的命令: 0117
0924 00:33:34 simulator: 301: 发送退租请求
0924 00:33:34 simulator: 306: 收到退租回复 命令: 0x103 代码: 0x1021 系统从没收到过终端的开通请求
0924 00:33:34 simulator: 221: 断开处理
0924 00:33:34 simulator: 230: 收到服务器传递过来的命令: 0117
0924 00:33:43 simulator: 273: 发送开通请求
0924 00:33:43 simulator: 279: 收到开通回复 命令: 0x102 代码: 0x1019 系统有致命错误而拒绝了终端登录
0924 00:33:43 simulator: 221: 断开处理
0924 00:33:43 simulator: 230: 收到服务器传递过来的命令: 0117
0924 00:33:48 simulator: 301: 发送退租请求
0924 00:33:48 simulator: 306: 收到退租回复 命令: 0x103 代码: 0x1021 系统从没收到过终端的开通请求
0924 00:33:48 simulator: 221: 断开处理
0924 00:33:48 simulator: 230: 收到服务器传递过来的命令: 0117
0924 00:33:56 simulator: 318: end tmid=012345678901234ABCDEFGHIJKLMNO params='a=b,c=d,e=f'
0924 00:49:47 simulator: 208: started 
0924 00:49:47 simulator: 209: tmid       =012345678901234ABCDEFGHIJKLMNO
0924 00:49:47 simulator: 210: serverip   =127.0.0.1
0924 00:49:47 simulator: 211: serverport =7000
0924 00:49:47 simulator: 212: params     ='a=b,c=d,e=f'
0924 00:49:50 simulator: 273: 发送开通请求
0924 00:49:50 simulator: 279: 收到开通回复 命令: 0x102 代码: 0x0000 执行成功！
0924 00:49:50 simulator: 221: 断开处理
0924 00:49:50 simulator: 230: 收到服务器传递过来的命令: 0117
0924 00:50:04 simulator: 273: 发送开通请求
0924 00:50:04 simulator: 279: 收到开通回复 命令: 0x102 代码: 0x0000 执行成功！
0924 00:50:04 simulator: 221: 断开处理
0924 00:50:04 simulator: 230: 收到服务器传递过来的命令: 0117
0924 00:50:10 simulator: 273: 发送开通请求
0924 00:50:10 simulator: 279: 收到开通回复 命令: 0x102 代码: 0x1003 终端状态错误，已经是开通状态
0924 00:50:10 simulator: 221: 断开处理
0924 00:50:10 simulator: 230: 收到服务器传递过来的命令: 0117
0924 00:51:14 simulator: 273: 发送开通请求
0924 00:51:14 simulator: 279: 收到开通回复 命令: 0x102 代码: 0x0000 执行成功！
0924 00:51:14 simulator: 221: 断开处理
0924 00:51:14 simulator: 230: 收到服务器传递过来的命令: 0117
0924 00:51:33 simulator: 273: 发送开通请求
0924 00:51:33 simulator: 279: 收到开通回复 命令: 0x102 代码: 0x1003 终端状态错误，已经是开通状态
0924 00:51:33 simulator: 221: 断开处理
0924 00:51:33 simulator: 230: 收到服务器传递过来的命令: 0117
0924 00:52:12 simulator: 273: 发送开通请求
0924 00:52:12 simulator: 279: 收到开通回复 命令: 0x102 代码: 0x0000 执行成功！
0924 00:52:12 simulator: 221: 断开处理
0924 00:52:12 simulator: 230: 收到服务器传递过来的命令: 0117
0924 00:52:13 simulator: 301: 发送退租请求
0924 00:52:13 simulator: 306: 收到退租回复 命令: 0x103 代码: 0x0000 执行成功！
0924 00:52:13 simulator: 221: 断开处理
0924 00:52:13 simulator: 230: 收到服务器传递过来的命令: 0117
0924 00:52:16 simulator: 273: 发送开通请求
0924 00:52:16 simulator: 279: 收到开通回复 命令: 0x102 代码: 0x0000 执行成功！
0924 00:52:16 simulator: 221: 断开处理
0924 00:52:16 simulator: 230: 收到服务器传递过来的命令: 0117
0924 00:52:16 simulator: 273: 发送开通请求
0924 00:52:16 simulator: 279: 收到开通回复 命令: 0x102 代码: 0x1003 终端状态错误，已经是开通状态
0924 00:52:16 simulator: 221: 断开处理
0924 00:52:16 simulator: 230: 收到服务器传递过来的命令: 0117
0924 00:52:17 simulator: 301: 发送退租请求
0924 00:52:17 simulator: 306: 收到退租回复 命令: 0x103 代码: 0x0000 执行成功！
0924 00:52:17 simulator: 221: 断开处理
0924 00:52:17 simulator: 230: 收到服务器传递过来的命令: 0117
0924 00:52:29 simulator: 273: 发送开通请求
0924 00:52:29 simulator: 279: 收到开通回复 命令: 0x102 代码: 0x0000 执行成功！
0924 00:52:29 simulator: 221: 断开处理
0924 00:52:29 simulator: 230: 收到服务器传递过来的命令: 0117
0924 00:52:32 simulator: 301: 发送退租请求
0924 00:52:32 simulator: 306: 收到退租回复 命令: 0x103 代码: 0x0000 执行成功！
0924 00:52:32 simulator: 221: 断开处理
0924 00:52:32 simulator: 230: 收到服务器传递过来的命令: 0117
0924 00:52:40 simulator: 273: 发送开通请求
0924 00:52:40 simulator: 279: 收到开通回复 命令: 0x102 代码: 0x0000 执行成功！
0924 00:52:40 simulator: 221: 断开处理
0924 00:52:40 simulator: 230: 收到服务器传递过来的命令: 0117
0924 00:52:42 simulator: 301: 发送退租请求
0924 00:52:42 simulator: 306: 收到退租回复 命令: 0x103 代码: 0x0000 执行成功！
0924 00:52:42 simulator: 221: 断开处理
0924 00:52:42 simulator: 230: 收到服务器传递过来的命令: 0117
0924 00:52:53 simulator: 273: 发送开通请求
0924 00:52:53 simulator: 279: 收到开通回复 命令: 0x102 代码: 0x0000 执行成功！
0924 00:52:53 simulator: 221: 断开处理
0924 00:52:53 simulator: 230: 收到服务器传递过来的命令: 0117
0924 00:57:20 simulator: 273: 发送开通请求
0924 00:57:20 simulator: 279: 收到开通回复 命令: 0x102 代码: 0x0000 执行成功！
0924 00:57:20 simulator: 221: 断开处理
0924 00:57:20 simulator: 230: 收到服务器传递过来的命令: 0117
0924 00:58:08 simulator: 273: 发送开通请求
0924 00:58:08 simulator: 279: 收到开通回复 命令: 0x102 代码: 0x0000 执行成功！
0924 00:58:08 simulator: 221: 断开处理
0924 00:58:08 simulator: 230: 收到服务器传递过来的命令: 0117
0924 00:58:13 simulator: 273: 发送开通请求
0924 00:58:13 simulator: 279: 收到开通回复 命令: 0x102 代码: 0x1003 终端状态错误，已经是开通状态
0924 00:58:13 simulator: 221: 断开处理
0924 00:58:13 simulator: 230: 收到服务器传递过来的命令: 0117
0924 00:58:49 simulator: 273: 发送开通请求
0924 00:58:49 simulator: 279: 收到开通回复 命令: 0x102 代码: 0x0000 执行成功！
0924 00:58:49 simulator: 221: 断开处理
0924 00:58:49 simulator: 230: 收到服务器传递过来的命令: 0117
0924 00:58:53 simulator: 273: 发送开通请求
0924 00:58:53 simulator: 279: 收到开通回复 命令: 0x102 代码: 0x1003 终端状态错误，已经是开通状态
0924 00:58:53 simulator: 221: 断开处理
0924 00:58:53 simulator: 230: 收到服务器传递过来的命令: 0117
0924 00:58:54 simulator: 301: 发送退租请求
0924 00:58:54 simulator: 306: 收到退租回复 命令: 0x103 代码: 0x0000 执行成功！
0924 00:58:54 simulator: 221: 断开处理
0924 00:58:54 simulator: 230: 收到服务器传递过来的命令: 0117
0924 00:58:55 simulator: 273: 发送开通请求
0924 00:58:55 simulator: 279: 收到开通回复 命令: 0x102 代码: 0x0000 执行成功！
0924 00:58:55 simulator: 221: 断开处理
0924 00:58:55 simulator: 230: 收到服务器传递过来的命令: 0117
0924 00:58:56 simulator: 301: 发送退租请求
0924 00:58:56 simulator: 306: 收到退租回复 命令: 0x103 代码: 0x0000 执行成功！
0924 00:58:56 simulator: 221: 断开处理
0924 00:58:56 simulator: 230: 收到服务器传递过来的命令: 0117
0924 00:58:56 simulator: 273: 发送开通请求
0924 00:58:56 simulator: 279: 收到开通回复 命令: 0x102 代码: 0x0000 执行成功！
0924 00:58:56 simulator: 221: 断开处理
0924 00:58:56 simulator: 230: 收到服务器传递过来的命令: 0117
0924 00:58:57 simulator: 301: 发送退租请求
0924 00:58:57 simulator: 306: 收到退租回复 命令: 0x103 代码: 0x0000 执行成功！
0924 00:58:57 simulator: 221: 断开处理
0924 00:58:57 simulator: 230: 收到服务器传递过来的命令: 0117
0924 00:58:57 simulator: 273: 发送开通请求
0924 00:58:57 simulator: 279: 收到开通回复 命令: 0x102 代码: 0x0000 执行成功！
0924 00:58:57 simulator: 221: 断开处理
0924 00:58:57 simulator: 230: 收到服务器传递过来的命令: 0117
0924 00:58:58 simulator: 301: 发送退租请求
0924 00:58:58 simulator: 306: 收到退租回复 命令: 0x103 代码: 0x0000 执行成功！
0924 00:58:58 simulator: 221: 断开处理
0924 00:58:58 simulator: 230: 收到服务器传递过来的命令: 0117
0924 00:58:58 simulator: 273: 发送开通请求
0924 00:58:58 simulator: 279: 收到开通回复 命令: 0x102 代码: 0x0000 执行成功！
0924 00:58:58 simulator: 221: 断开处理
0924 00:58:58 simulator: 230: 收到服务器传递过来的命令: 0117
0924 00:58:58 simulator: 301: 发送退租请求
0924 00:58:58 simulator: 306: 收到退租回复 命令: 0x103 代码: 0x0000 执行成功！
0924 00:58:58 simulator: 221: 断开处理
0924 00:58:58 simulator: 230: 收到服务器传递过来的命令: 0117
0924 01:03:46 simulator: 273: 发送开通请求
0924 01:03:46 simulator: 279: 收到开通回复 命令: 0x102 代码: 0x0000 执行成功！
0924 01:03:46 simulator: 221: 断开处理
0924 01:03:46 simulator: 230: 收到服务器传递过来的命令: 0117
0924 01:03:46 simulator: 301: 发送退租请求
0924 01:03:46 simulator: 306: 收到退租回复 命令: 0x103 代码: 0x0000 执行成功！
0924 01:03:46 simulator: 221: 断开处理
0924 01:03:46 simulator: 230: 收到服务器传递过来的命令: 0117
0924 01:03:47 simulator: 273: 发送开通请求
0924 01:03:47 simulator: 279: 收到开通回复 命令: 0x102 代码: 0x0000 执行成功！
0924 01:03:47 simulator: 221: 断开处理
0924 01:03:47 simulator: 230: 收到服务器传递过来的命令: 0117
0924 01:03:48 simulator: 301: 发送退租请求
0924 01:03:48 simulator: 306: 收到退租回复 命令: 0x103 代码: 0x0000 执行成功！
0924 01:03:48 simulator: 221: 断开处理
0924 01:03:48 simulator: 230: 收到服务器传递过来的命令: 0117
0924 01:03:48 simulator: 273: 发送开通请求
0924 01:03:48 simulator: 279: 收到开通回复 命令: 0x102 代码: 0x0000 执行成功！
0924 01:03:48 simulator: 221: 断开处理
0924 01:03:48 simulator: 230: 收到服务器传递过来的命令: 0117
0924 01:03:48 simulator: 301: 发送退租请求
0924 01:03:48 simulator: 306: 收到退租回复 命令: 0x103 代码: 0x0000 执行成功！
0924 01:03:48 simulator: 221: 断开处理
0924 01:03:48 simulator: 230: 收到服务器传递过来的命令: 0117
0924 01:03:49 simulator: 273: 发送开通请求
0924 01:03:49 simulator: 279: 收到开通回复 命令: 0x102 代码: 0x0000 执行成功！
0924 01:03:49 simulator: 221: 断开处理
0924 01:03:49 simulator: 230: 收到服务器传递过来的命令: 0117
0924 01:03:49 simulator: 301: 发送退租请求
0924 01:03:49 simulator: 306: 收到退租回复 命令: 0x103 代码: 0x0000 执行成功！
0924 01:03:49 simulator: 221: 断开处理
0924 01:03:49 simulator: 230: 收到服务器传递过来的命令: 0117
0924 01:07:54 simulator: 301: 发送退租请求
0924 01:07:54 simulator: 306: 收到退租回复 命令: 0x103 代码: 0x1021 系统从没收到过终端的开通请求
0924 01:07:54 simulator: 221: 断开处理
0924 01:07:54 simulator: 230: 收到服务器传递过来的命令: 0117
0924 01:07:55 simulator: 273: 发送开通请求
0924 01:07:55 simulator: 279: 收到开通回复 命令: 0x102 代码: 0x0000 执行成功！
0924 01:07:55 simulator: 221: 断开处理
0924 01:07:55 simulator: 230: 收到服务器传递过来的命令: 0117
0924 01:07:55 simulator: 301: 发送退租请求
0924 01:07:55 simulator: 306: 收到退租回复 命令: 0x103 代码: 0x0000 执行成功！
0924 01:07:55 simulator: 221: 断开处理
0924 01:07:55 simulator: 230: 收到服务器传递过来的命令: 0117
0924 01:07:56 simulator: 273: 发送开通请求
0924 01:07:56 simulator: 279: 收到开通回复 命令: 0x102 代码: 0x0000 执行成功！
0924 01:07:56 simulator: 221: 断开处理
0924 01:07:56 simulator: 230: 收到服务器传递过来的命令: 0117
0924 01:07:56 simulator: 301: 发送退租请求
0924 01:07:56 simulator: 306: 收到退租回复 命令: 0x103 代码: 0x0000 执行成功！
0924 01:07:56 simulator: 221: 断开处理
0924 01:07:56 simulator: 230: 收到服务器传递过来的命令: 0117
0924 01:07:57 simulator: 273: 发送开通请求
0924 01:07:57 simulator: 279: 收到开通回复 命令: 0x102 代码: 0x0000 执行成功！
0924 01:07:57 simulator: 221: 断开处理
0924 01:07:57 simulator: 230: 收到服务器传递过来的命令: 0117
0924 01:07:57 simulator: 301: 发送退租请求
0924 01:07:57 simulator: 306: 收到退租回复 命令: 0x103 代码: 0x0000 执行成功！
0924 01:07:57 simulator: 221: 断开处理
0924 01:07:57 simulator: 230: 收到服务器传递过来的命令: 0117
0924 01:07:58 simulator: 273: 发送开通请求
0924 01:07:58 simulator: 279: 收到开通回复 命令: 0x102 代码: 0x0000 执行成功！
0924 01:07:58 simulator: 221: 断开处理
0924 01:07:58 simulator: 230: 收到服务器传递过来的命令: 0117
0924 01:07:58 simulator: 301: 发送退租请求
0924 01:07:58 simulator: 306: 收到退租回复 命令: 0x103 代码: 0x0000 执行成功！
0924 01:07:58 simulator: 221: 断开处理
0924 01:07:58 simulator: 230: 收到服务器传递过来的命令: 0117
0924 01:07:58 simulator: 273: 发送开通请求
0924 01:07:58 simulator: 279: 收到开通回复 命令: 0x102 代码: 0x0000 执行成功！
0924 01:07:58 simulator: 221: 断开处理
0924 01:07:58 simulator: 230: 收到服务器传递过来的命令: 0117
0924 01:07:59 simulator: 301: 发送退租请求
0924 01:07:59 simulator: 306: 收到退租回复 命令: 0x103 代码: 0x0000 执行成功！
0924 01:07:59 simulator: 221: 断开处理
0924 01:07:59 simulator: 230: 收到服务器传递过来的命令: 0117
0924 01:07:59 simulator: 273: 发送开通请求
0924 01:07:59 simulator: 279: 收到开通回复 命令: 0x102 代码: 0x0000 执行成功！
0924 01:07:59 simulator: 221: 断开处理
0924 01:07:59 simulator: 230: 收到服务器传递过来的命令: 0117
0924 01:07:59 simulator: 301: 发送退租请求
0924 01:07:59 simulator: 306: 收到退租回复 命令: 0x103 代码: 0x0000 执行成功！
0924 01:07:59 simulator: 221: 断开处理
0924 01:07:59 simulator: 230: 收到服务器传递过来的命令: 0117
0924 01:08:00 simulator: 273: 发送开通请求
0924 01:08:00 simulator: 279: 收到开通回复 命令: 0x102 代码: 0x0000 执行成功！
0924 01:08:00 simulator: 221: 断开处理
0924 01:08:00 simulator: 230: 收到服务器传递过来的命令: 0117
0924 01:08:00 simulator: 301: 发送退租请求
0924 01:08:00 simulator: 306: 收到退租回复 命令: 0x103 代码: 0x0000 执行成功！
0924 01:08:00 simulator: 221: 断开处理
0924 01:08:00 simulator: 230: 收到服务器传递过来的命令: 0117
0924 01:08:00 simulator: 273: 发送开通请求
0924 01:08:00 simulator: 279: 收到开通回复 命令: 0x102 代码: 0x0000 执行成功！
0924 01:08:00 simulator: 221: 断开处理
0924 01:08:00 simulator: 230: 收到服务器传递过来的命令: 0117
0924 01:08:01 simulator: 301: 发送退租请求
0924 01:08:01 simulator: 306: 收到退租回复 命令: 0x103 代码: 0x0000 执行成功！
0924 01:08:01 simulator: 221: 断开处理
0924 01:08:01 simulator: 230: 收到服务器传递过来的命令: 0117
0924 01:08:01 simulator: 273: 发送开通请求
0924 01:08:01 simulator: 279: 收到开通回复 命令: 0x102 代码: 0x0000 执行成功！
0924 01:08:01 simulator: 221: 断开处理
0924 01:08:01 simulator: 230: 收到服务器传递过来的命令: 0117
0924 01:08:01 simulator: 301: 发送退租请求
0924 01:08:01 simulator: 306: 收到退租回复 命令: 0x103 代码: 0x0000 执行成功！
0924 01:08:01 simulator: 221: 断开处理
0924 01:08:01 simulator: 230: 收到服务器传递过来的命令: 0117
0924 01:08:02 simulator: 273: 发送开通请求
0924 01:08:02 simulator: 279: 收到开通回复 命令: 0x102 代码: 0x0000 执行成功！
0924 01:08:02 simulator: 221: 断开处理
0924 01:08:02 simulator: 230: 收到服务器传递过来的命令: 0117
0924 01:08:02 simulator: 301: 发送退租请求
0924 01:08:02 simulator: 306: 收到退租回复 命令: 0x103 代码: 0x0000 执行成功！
0924 01:08:02 simulator: 221: 断开处理
0924 01:08:02 simulator: 230: 收到服务器传递过来的命令: 0117
0924 01:08:02 simulator: 273: 发送开通请求
0924 01:08:02 simulator: 279: 收到开通回复 命令: 0x102 代码: 0x0000 执行成功！
0924 01:08:02 simulator: 221: 断开处理
0924 01:08:02 simulator: 230: 收到服务器传递过来的命令: 0117
0924 01:08:03 simulator: 301: 发送退租请求
0924 01:08:03 simulator: 306: 收到退租回复 命令: 0x103 代码: 0x0000 执行成功！
0924 01:08:03 simulator: 221: 断开处理
0924 01:08:03 simulator: 230: 收到服务器传递过来的命令: 0117
0924 01:08:03 simulator: 273: 发送开通请求
0924 01:08:03 simulator: 279: 收到开通回复 命令: 0x102 代码: 0x0000 执行成功！
0924 01:08:03 simulator: 221: 断开处理
0924 01:08:03 simulator: 230: 收到服务器传递过来的命令: 0117
0924 01:08:04 simulator: 301: 发送退租请求
0924 01:08:04 simulator: 306: 收到退租回复 命令: 0x103 代码: 0x0000 执行成功！
0924 01:08:04 simulator: 221: 断开处理
0924 01:08:04 simulator: 230: 收到服务器传递过来的命令: 0117
0924 01:08:04 simulator: 273: 发送开通请求
0924 01:08:04 simulator: 279: 收到开通回复 命令: 0x102 代码: 0x0000 执行成功！
0924 01:08:04 simulator: 221: 断开处理
0924 01:08:04 simulator: 230: 收到服务器传递过来的命令: 0117
0924 01:08:04 simulator: 301: 发送退租请求
0924 01:08:04 simulator: 306: 收到退租回复 命令: 0x103 代码: 0x0000 执行成功！
0924 01:08:04 simulator: 221: 断开处理
0924 01:08:04 simulator: 230: 收到服务器传递过来的命令: 0117
0924 01:08:05 simulator: 273: 发送开通请求
0924 01:08:05 simulator: 279: 收到开通回复 命令: 0x102 代码: 0x0000 执行成功！
0924 01:08:05 simulator: 221: 断开处理
0924 01:08:05 simulator: 230: 收到服务器传递过来的命令: 0117
0924 01:08:05 simulator: 301: 发送退租请求
0924 01:08:05 simulator: 306: 收到退租回复 命令: 0x103 代码: 0x0000 执行成功！
0924 01:08:05 simulator: 221: 断开处理
0924 01:08:05 simulator: 230: 收到服务器传递过来的命令: 0117
0924 01:08:17 simulator: 273: 发送开通请求
0924 01:08:17 simulator: 279: 收到开通回复 命令: 0x102 代码: 0x0000 执行成功！
0924 01:08:17 simulator: 221: 断开处理
0924 01:08:17 simulator: 230: 收到服务器传递过来的命令: 0117
0924 01:08:18 simulator: 301: 发送退租请求
0924 01:08:18 simulator: 306: 收到退租回复 命令: 0x103 代码: 0x0000 执行成功！
0924 01:08:18 simulator: 221: 断开处理
0924 01:08:18 simulator: 230: 收到服务器传递过来的命令: 0117
0924 01:08:19 simulator: 273: 发送开通请求
0924 01:08:19 simulator: 279: 收到开通回复 命令: 0x102 代码: 0x0000 执行成功！
0924 01:08:19 simulator: 221: 断开处理
0924 01:08:19 simulator: 230: 收到服务器传递过来的命令: 0117
0924 01:08:20 simulator: 301: 发送退租请求
0924 01:08:20 simulator: 306: 收到退租回复 命令: 0x103 代码: 0x0000 执行成功！
0924 01:08:20 simulator: 221: 断开处理
0924 01:08:20 simulator: 230: 收到服务器传递过来的命令: 0117
0924 01:08:21 simulator: 273: 发送开通请求
0924 01:08:22 simulator: 279: 收到开通回复 命令: 0x102 代码: 0x0000 执行成功！
0924 01:08:22 simulator: 221: 断开处理
0924 01:08:22 simulator: 230: 收到服务器传递过来的命令: 0117
0924 01:08:23 simulator: 301: 发送退租请求
0924 01:08:23 simulator: 306: 收到退租回复 命令: 0x103 代码: 0x0000 执行成功！
0924 01:08:23 simulator: 221: 断开处理
0924 01:08:23 simulator: 230: 收到服务器传递过来的命令: 0117
0924 01:08:24 simulator: 273: 发送开通请求
0924 01:08:24 simulator: 279: 收到开通回复 命令: 0x102 代码: 0x0000 执行成功！
0924 01:08:24 simulator: 221: 断开处理
0924 01:08:24 simulator: 230: 收到服务器传递过来的命令: 0117
0924 01:08:24 simulator: 301: 发送退租请求
0924 01:08:24 simulator: 306: 收到退租回复 命令: 0x103 代码: 0x0000 执行成功！
0924 01:08:24 simulator: 221: 断开处理
0924 01:08:24 simulator: 230: 收到服务器传递过来的命令: 0117
0924 01:08:25 simulator: 273: 发送开通请求
0924 01:08:25 simulator: 279: 收到开通回复 命令: 0x102 代码: 0x0000 执行成功！
0924 01:08:25 simulator: 221: 断开处理
0924 01:08:25 simulator: 230: 收到服务器传递过来的命令: 0117
0924 01:08:26 simulator: 301: 发送退租请求
0924 01:08:26 simulator: 306: 收到退租回复 命令: 0x103 代码: 0x0000 执行成功！
0924 01:08:26 simulator: 221: 断开处理
0924 01:08:26 simulator: 230: 收到服务器传递过来的命令: 0117
0924 01:08:27 simulator: 273: 发送开通请求
0924 01:08:27 simulator: 279: 收到开通回复 命令: 0x102 代码: 0x0000 执行成功！
0924 01:08:27 simulator: 221: 断开处理
0924 01:08:27 simulator: 230: 收到服务器传递过来的命令: 0117
0924 01:08:27 simulator: 301: 发送退租请求
0924 01:08:27 simulator: 306: 收到退租回复 命令: 0x103 代码: 0x0000 执行成功！
0924 01:08:27 simulator: 221: 断开处理
0924 01:08:27 simulator: 230: 收到服务器传递过来的命令: 0117
0924 01:08:27 simulator: 273: 发送开通请求
0924 01:08:27 simulator: 279: 收到开通回复 命令: 0x102 代码: 0x0000 执行成功！
0924 01:08:27 simulator: 221: 断开处理
0924 01:08:27 simulator: 230: 收到服务器传递过来的命令: 0117
0924 01:08:28 simulator: 301: 发送退租请求
0924 01:08:28 simulator: 306: 收到退租回复 命令: 0x103 代码: 0x0000 执行成功！
0924 01:08:28 simulator: 221: 断开处理
0924 01:08:28 simulator: 230: 收到服务器传递过来的命令: 0117
0924 01:08:28 simulator: 273: 发送开通请求
0924 01:08:28 simulator: 279: 收到开通回复 命令: 0x102 代码: 0x0000 执行成功！
0924 01:08:28 simulator: 221: 断开处理
0924 01:08:28 simulator: 230: 收到服务器传递过来的命令: 0117
0924 01:08:29 simulator: 273: 发送开通请求
0924 01:08:29 simulator: 279: 收到开通回复 命令: 0x102 代码: 0x1003 终端状态错误，已经是开通状态
0924 01:08:29 simulator: 221: 断开处理
0924 01:08:29 simulator: 230: 收到服务器传递过来的命令: 0117
0924 01:08:29 simulator: 301: 发送退租请求
0924 01:08:29 simulator: 306: 收到退租回复 命令: 0x103 代码: 0x0000 执行成功！
0924 01:08:29 simulator: 221: 断开处理
0924 01:08:29 simulator: 230: 收到服务器传递过来的命令: 0117
0924 01:08:29 simulator: 273: 发送开通请求
0924 01:08:29 simulator: 279: 收到开通回复 命令: 0x102 代码: 0x0000 执行成功！
0924 01:08:29 simulator: 221: 断开处理
0924 01:08:29 simulator: 230: 收到服务器传递过来的命令: 0117
0924 01:08:30 simulator: 301: 发送退租请求
0924 01:08:30 simulator: 306: 收到退租回复 命令: 0x103 代码: 0x0000 执行成功！
0924 01:08:30 simulator: 221: 断开处理
0924 01:08:30 simulator: 230: 收到服务器传递过来的命令: 0117
0924 01:08:30 simulator: 273: 发送开通请求
0924 01:08:30 simulator: 279: 收到开通回复 命令: 0x102 代码: 0x0000 执行成功！
0924 01:08:30 simulator: 221: 断开处理
0924 01:08:30 simulator: 230: 收到服务器传递过来的命令: 0117
0924 01:08:30 simulator: 301: 发送退租请求
0924 01:08:30 simulator: 306: 收到退租回复 命令: 0x103 代码: 0x0000 执行成功！
0924 01:08:30 simulator: 221: 断开处理
0924 01:08:30 simulator: 230: 收到服务器传递过来的命令: 0117
0924 01:08:31 simulator: 273: 发送开通请求
0924 01:08:31 simulator: 279: 收到开通回复 命令: 0x102 代码: 0x0000 执行成功！
0924 01:08:31 simulator: 221: 断开处理
0924 01:08:31 simulator: 230: 收到服务器传递过来的命令: 0117
0924 01:09:01 simulator: 273: 发送开通请求
0924 01:09:01 simulator: 279: 收到开通回复 命令: 0x102 代码: 0x1003 终端状态错误，已经是开通状态
0924 01:09:01 simulator: 221: 断开处理
0924 01:09:01 simulator: 230: 收到服务器传递过来的命令: 0117
0924 01:09:01 simulator: 301: 发送退租请求
0924 01:09:01 simulator: 306: 收到退租回复 命令: 0x103 代码: 0x0000 执行成功！
0924 01:09:01 simulator: 221: 断开处理
0924 01:09:01 simulator: 230: 收到服务器传递过来的命令: 0117
0924 01:09:02 simulator: 273: 发送开通请求
0924 01:09:02 simulator: 279: 收到开通回复 命令: 0x102 代码: 0x0000 执行成功！
0924 01:09:02 simulator: 221: 断开处理
0924 01:09:02 simulator: 230: 收到服务器传递过来的命令: 0117
0924 01:09:03 simulator: 301: 发送退租请求
0924 01:09:03 simulator: 306: 收到退租回复 命令: 0x103 代码: 0x0000 执行成功！
0924 01:09:03 simulator: 221: 断开处理
0924 01:09:03 simulator: 230: 收到服务器传递过来的命令: 0117
0924 01:09:32 simulator: 301: 发送退租请求
0924 01:09:32 simulator: 306: 收到退租回复 命令: 0x103 代码: 0x1021 系统从没收到过终端的开通请求
0924 01:09:32 simulator: 221: 断开处理
0924 01:09:32 simulator: 230: 收到服务器传递过来的命令: 0117
0924 01:09:34 simulator: 301: 发送退租请求
0924 01:09:34 simulator: 306: 收到退租回复 命令: 0x103 代码: 0x1021 系统从没收到过终端的开通请求
0924 01:09:34 simulator: 221: 断开处理
0924 01:09:34 simulator: 230: 收到服务器传递过来的命令: 0117
0924 01:09:35 simulator: 301: 发送退租请求
0924 01:09:35 simulator: 306: 收到退租回复 命令: 0x103 代码: 0x1021 系统从没收到过终端的开通请求
0924 01:09:35 simulator: 221: 断开处理
0924 01:09:35 simulator: 230: 收到服务器传递过来的命令: 0117
0924 01:09:35 simulator: 273: 发送开通请求
0924 01:09:35 simulator: 279: 收到开通回复 命令: 0x102 代码: 0x0000 执行成功！
0924 01:09:35 simulator: 221: 断开处理
0924 01:09:35 simulator: 230: 收到服务器传递过来的命令: 0117
0924 01:09:36 simulator: 273: 发送开通请求
0924 01:09:36 simulator: 279: 收到开通回复 命令: 0x102 代码: 0x1003 终端状态错误，已经是开通状态
0924 01:09:36 simulator: 221: 断开处理
0924 01:09:36 simulator: 230: 收到服务器传递过来的命令: 0117
0924 01:09:37 simulator: 301: 发送退租请求
0924 01:09:37 simulator: 306: 收到退租回复 命令: 0x103 代码: 0x0000 执行成功！
0924 01:09:37 simulator: 221: 断开处理
0924 01:09:37 simulator: 230: 收到服务器传递过来的命令: 0117
0924 01:09:37 simulator: 273: 发送开通请求
0924 01:09:37 simulator: 279: 收到开通回复 命令: 0x102 代码: 0x0000 执行成功！
0924 01:09:37 simulator: 221: 断开处理
0924 01:09:37 simulator: 230: 收到服务器传递过来的命令: 0117
0924 01:09:37 simulator: 301: 发送退租请求
0924 01:09:37 simulator: 306: 收到退租回复 命令: 0x103 代码: 0x0000 执行成功！
0924 01:09:37 simulator: 221: 断开处理
0924 01:09:37 simulator: 230: 收到服务器传递过来的命令: 0117
0924 01:09:38 simulator: 273: 发送开通请求
0924 01:09:38 simulator: 279: 收到开通回复 命令: 0x102 代码: 0x0000 执行成功！
0924 01:09:38 simulator: 221: 断开处理
0924 01:09:38 simulator: 230: 收到服务器传递过来的命令: 0117
0924 01:09:38 simulator: 301: 发送退租请求
0924 01:09:38 simulator: 306: 收到退租回复 命令: 0x103 代码: 0x0000 执行成功！
0924 01:09:38 simulator: 221: 断开处理
0924 01:09:38 simulator: 230: 收到服务器传递过来的命令: 0117
0924 01:09:38 simulator: 273: 发送开通请求
0924 01:09:38 simulator: 279: 收到开通回复 命令: 0x102 代码: 0x0000 执行成功！
0924 01:09:38 simulator: 221: 断开处理
0924 01:09:38 simulator: 230: 收到服务器传递过来的命令: 0117
0924 01:09:38 simulator: 301: 发送退租请求
0924 01:09:38 simulator: 306: 收到退租回复 命令: 0x103 代码: 0x0000 执行成功！
0924 01:09:38 simulator: 221: 断开处理
0924 01:09:38 simulator: 230: 收到服务器传递过来的命令: 0117
0924 01:09:39 simulator: 273: 发送开通请求
0924 01:09:39 simulator: 279: 收到开通回复 命令: 0x102 代码: 0x0000 执行成功！
0924 01:09:39 simulator: 221: 断开处理
0924 01:09:39 simulator: 230: 收到服务器传递过来的命令: 0117
0924 01:09:39 simulator: 301: 发送退租请求
0924 01:09:39 simulator: 306: 收到退租回复 命令: 0x103 代码: 0x0000 执行成功！
0924 01:09:39 simulator: 221: 断开处理
0924 01:09:39 simulator: 230: 收到服务器传递过来的命令: 0117
0924 01:09:39 simulator: 273: 发送开通请求
0924 01:09:39 simulator: 279: 收到开通回复 命令: 0x102 代码: 0x0000 执行成功！
0924 01:09:39 simulator: 221: 断开处理
0924 01:09:39 simulator: 230: 收到服务器传递过来的命令: 0117
0924 01:09:39 simulator: 301: 发送退租请求
0924 01:09:39 simulator: 306: 收到退租回复 命令: 0x103 代码: 0x0000 执行成功！
0924 01:09:39 simulator: 221: 断开处理
0924 01:09:39 simulator: 230: 收到服务器传递过来的命令: 0117
0924 01:09:40 simulator: 273: 发送开通请求
0924 01:09:40 simulator: 279: 收到开通回复 命令: 0x102 代码: 0x0000 执行成功！
0924 01:09:40 simulator: 221: 断开处理
0924 01:09:40 simulator: 230: 收到服务器传递过来的命令: 0117
0924 01:09:40 simulator: 301: 发送退租请求
0924 01:09:40 simulator: 306: 收到退租回复 命令: 0x103 代码: 0x0000 执行成功！
0924 01:09:40 simulator: 221: 断开处理
0924 01:09:40 simulator: 230: 收到服务器传递过来的命令: 0117
0924 01:09:40 simulator: 273: 发送开通请求
0924 01:09:40 simulator: 279: 收到开通回复 命令: 0x102 代码: 0x0000 执行成功！
0924 01:09:40 simulator: 221: 断开处理
0924 01:09:40 simulator: 230: 收到服务器传递过来的命令: 0117
0924 01:09:41 simulator: 273: 发送开通请求
0924 01:09:41 simulator: 279: 收到开通回复 命令: 0x102 代码: 0x1003 终端状态错误，已经是开通状态
0924 01:09:41 simulator: 221: 断开处理
0924 01:09:41 simulator: 230: 收到服务器传递过来的命令: 0117
0924 01:09:41 simulator: 273: 发送开通请求
0924 01:09:41 simulator: 279: 收到开通回复 命令: 0x102 代码: 0x1003 终端状态错误，已经是开通状态
0924 01:09:41 simulator: 221: 断开处理
0924 01:09:41 simulator: 230: 收到服务器传递过来的命令: 0117
0924 01:09:41 simulator: 273: 发送开通请求
0924 01:09:41 simulator: 279: 收到开通回复 命令: 0x102 代码: 0x1003 终端状态错误，已经是开通状态
0924 01:09:41 simulator: 221: 断开处理
0924 01:09:41 simulator: 230: 收到服务器传递过来的命令: 0117
0924 01:09:41 simulator: 273: 发送开通请求
0924 01:09:41 simulator: 279: 收到开通回复 命令: 0x102 代码: 0x1003 终端状态错误，已经是开通状态
0924 01:09:41 simulator: 221: 断开处理
0924 01:09:41 simulator: 230: 收到服务器传递过来的命令: 0117
0924 01:09:41 simulator: 273: 发送开通请求
0924 01:09:41 simulator: 279: 收到开通回复 命令: 0x102 代码: 0x1003 终端状态错误，已经是开通状态
0924 01:09:41 simulator: 221: 断开处理
0924 01:09:41 simulator: 230: 收到服务器传递过来的命令: 0117
0924 01:09:41 simulator: 273: 发送开通请求
0924 01:09:41 simulator: 279: 收到开通回复 命令: 0x102 代码: 0x1003 终端状态错误，已经是开通状态
0924 01:09:41 simulator: 221: 断开处理
0924 01:09:41 simulator: 230: 收到服务器传递过来的命令: 0117
0924 01:09:42 simulator: 273: 发送开通请求
0924 01:09:42 simulator: 279: 收到开通回复 命令: 0x102 代码: 0x1003 终端状态错误，已经是开通状态
0924 01:09:42 simulator: 221: 断开处理
0924 01:09:42 simulator: 230: 收到服务器传递过来的命令: 0117
0924 01:09:42 simulator: 273: 发送开通请求
0924 01:09:42 simulator: 279: 收到开通回复 命令: 0x102 代码: 0x1003 终端状态错误，已经是开通状态
0924 01:09:42 simulator: 221: 断开处理
0924 01:09:42 simulator: 230: 收到服务器传递过来的命令: 0117
0924 01:09:42 simulator: 273: 发送开通请求
0924 01:09:42 simulator: 279: 收到开通回复 命令: 0x102 代码: 0x1003 终端状态错误，已经是开通状态
0924 01:09:42 simulator: 221: 断开处理
0924 01:09:42 simulator: 230: 收到服务器传递过来的命令: 0117
0924 01:09:42 simulator: 273: 发送开通请求
0924 01:09:42 simulator: 279: 收到开通回复 命令: 0x102 代码: 0x1003 终端状态错误，已经是开通状态
0924 01:09:42 simulator: 221: 断开处理
0924 01:09:42 simulator: 230: 收到服务器传递过来的命令: 0117
0924 01:09:42 simulator: 273: 发送开通请求
0924 01:09:42 simulator: 279: 收到开通回复 命令: 0x102 代码: 0x1003 终端状态错误，已经是开通状态
0924 01:09:42 simulator: 221: 断开处理
0924 01:09:42 simulator: 230: 收到服务器传递过来的命令: 0117
0924 01:09:42 simulator: 273: 发送开通请求
0924 01:09:43 simulator: 279: 收到开通回复 命令: 0x102 代码: 0x1003 终端状态错误，已经是开通状态
0924 01:09:43 simulator: 221: 断开处理
0924 01:09:43 simulator: 230: 收到服务器传递过来的命令: 0117
0924 01:09:43 simulator: 273: 发送开通请求
0924 01:09:43 simulator: 279: 收到开通回复 命令: 0x102 代码: 0x1003 终端状态错误，已经是开通状态
0924 01:09:43 simulator: 221: 断开处理
0924 01:09:43 simulator: 230: 收到服务器传递过来的命令: 0117
0924 01:09:43 simulator: 273: 发送开通请求
0924 01:09:43 simulator: 279: 收到开通回复 命令: 0x102 代码: 0x1003 终端状态错误，已经是开通状态
0924 01:09:43 simulator: 221: 断开处理
0924 01:09:43 simulator: 230: 收到服务器传递过来的命令: 0117
0924 01:09:43 simulator: 273: 发送开通请求
0924 01:09:43 simulator: 279: 收到开通回复 命令: 0x102 代码: 0x1003 终端状态错误，已经是开通状态
0924 01:09:43 simulator: 221: 断开处理
0924 01:09:43 simulator: 230: 收到服务器传递过来的命令: 0117
0924 01:09:43 simulator: 273: 发送开通请求
0924 01:09:43 simulator: 279: 收到开通回复 命令: 0x102 代码: 0x1003 终端状态错误，已经是开通状态
0924 01:09:43 simulator: 221: 断开处理
0924 01:09:43 simulator: 230: 收到服务器传递过来的命令: 0117
0924 01:09:43 simulator: 273: 发送开通请求
0924 01:09:43 simulator: 279: 收到开通回复 命令: 0x102 代码: 0x1003 终端状态错误，已经是开通状态
0924 01:09:43 simulator: 221: 断开处理
0924 01:09:43 simulator: 230: 收到服务器传递过来的命令: 0117
0924 01:09:43 simulator: 273: 发送开通请求
0924 01:09:43 simulator: 279: 收到开通回复 命令: 0x102 代码: 0x1003 终端状态错误，已经是开通状态
0924 01:09:43 simulator: 221: 断开处理
0924 01:09:43 simulator: 230: 收到服务器传递过来的命令: 0117
0924 01:09:44 simulator: 273: 发送开通请求
0924 01:09:44 simulator: 279: 收到开通回复 命令: 0x102 代码: 0x1003 终端状态错误，已经是开通状态
0924 01:09:44 simulator: 221: 断开处理
0924 01:09:44 simulator: 230: 收到服务器传递过来的命令: 0117
0924 01:09:44 simulator: 273: 发送开通请求
0924 01:09:44 simulator: 279: 收到开通回复 命令: 0x102 代码: 0x1003 终端状态错误，已经是开通状态
0924 01:09:44 simulator: 221: 断开处理
0924 01:09:44 simulator: 230: 收到服务器传递过来的命令: 0117
0924 01:09:44 simulator: 273: 发送开通请求
0924 01:09:44 simulator: 279: 收到开通回复 命令: 0x102 代码: 0x1003 终端状态错误，已经是开通状态
0924 01:09:44 simulator: 221: 断开处理
0924 01:09:44 simulator: 230: 收到服务器传递过来的命令: 0117
0924 01:09:44 simulator: 273: 发送开通请求
0924 01:09:44 simulator: 279: 收到开通回复 命令: 0x102 代码: 0x1003 终端状态错误，已经是开通状态
0924 01:09:44 simulator: 221: 断开处理
0924 01:09:44 simulator: 230: 收到服务器传递过来的命令: 0117
0924 01:09:44 simulator: 273: 发送开通请求
0924 01:09:44 simulator: 279: 收到开通回复 命令: 0x102 代码: 0x1003 终端状态错误，已经是开通状态
0924 01:09:44 simulator: 221: 断开处理
0924 01:09:44 simulator: 230: 收到服务器传递过来的命令: 0117
0924 01:09:44 simulator: 273: 发送开通请求
0924 01:09:45 simulator: 279: 收到开通回复 命令: 0x102 代码: 0x1003 终端状态错误，已经是开通状态
0924 01:09:45 simulator: 221: 断开处理
0924 01:09:45 simulator: 230: 收到服务器传递过来的命令: 0117
0924 01:09:45 simulator: 273: 发送开通请求
0924 01:09:45 simulator: 279: 收到开通回复 命令: 0x102 代码: 0x1003 终端状态错误，已经是开通状态
0924 01:09:45 simulator: 221: 断开处理
0924 01:09:45 simulator: 230: 收到服务器传递过来的命令: 0117
0924 01:09:45 simulator: 273: 发送开通请求
0924 01:09:45 simulator: 279: 收到开通回复 命令: 0x102 代码: 0x1003 终端状态错误，已经是开通状态
0924 01:09:45 simulator: 221: 断开处理
0924 01:09:45 simulator: 230: 收到服务器传递过来的命令: 0117
0924 01:09:45 simulator: 273: 发送开通请求
0924 01:09:45 simulator: 279: 收到开通回复 命令: 0x102 代码: 0x1003 终端状态错误，已经是开通状态
0924 01:09:45 simulator: 221: 断开处理
0924 01:09:45 simulator: 230: 收到服务器传递过来的命令: 0117
0924 01:09:45 simulator: 273: 发送开通请求
0924 01:09:45 simulator: 279: 收到开通回复 命令: 0x102 代码: 0x1003 终端状态错误，已经是开通状态
0924 01:09:45 simulator: 221: 断开处理
0924 01:09:45 simulator: 230: 收到服务器传递过来的命令: 0117
0924 01:09:46 simulator: 273: 发送开通请求
0924 01:09:46 simulator: 279: 收到开通回复 命令: 0x102 代码: 0x1003 终端状态错误，已经是开通状态
0924 01:09:46 simulator: 221: 断开处理
0924 01:09:46 simulator: 230: 收到服务器传递过来的命令: 0117
0924 01:09:46 simulator: 273: 发送开通请求
0924 01:09:46 simulator: 279: 收到开通回复 命令: 0x102 代码: 0x1003 终端状态错误，已经是开通状态
0924 01:09:46 simulator: 221: 断开处理
0924 01:09:46 simulator: 230: 收到服务器传递过来的命令: 0117
0924 01:09:46 simulator: 273: 发送开通请求
0924 01:09:46 simulator: 279: 收到开通回复 命令: 0x102 代码: 0x1003 终端状态错误，已经是开通状态
0924 01:09:46 simulator: 221: 断开处理
0924 01:09:46 simulator: 230: 收到服务器传递过来的命令: 0117
0924 01:09:46 simulator: 273: 发送开通请求
0924 01:09:46 simulator: 279: 收到开通回复 命令: 0x102 代码: 0x1003 终端状态错误，已经是开通状态
0924 01:09:46 simulator: 221: 断开处理
0924 01:09:46 simulator: 230: 收到服务器传递过来的命令: 0117
0924 01:09:46 simulator: 273: 发送开通请求
0924 01:09:46 simulator: 279: 收到开通回复 命令: 0x102 代码: 0x1003 终端状态错误，已经是开通状态
0924 01:09:46 simulator: 221: 断开处理
0924 01:09:46 simulator: 230: 收到服务器传递过来的命令: 0117
0924 01:09:47 simulator: 273: 发送开通请求
0924 01:09:47 simulator: 279: 收到开通回复 命令: 0x102 代码: 0x1003 终端状态错误，已经是开通状态
0924 01:09:47 simulator: 221: 断开处理
0924 01:09:47 simulator: 230: 收到服务器传递过来的命令: 0117
0924 01:09:47 simulator: 273: 发送开通请求
0924 01:09:47 simulator: 279: 收到开通回复 命令: 0x102 代码: 0x1003 终端状态错误，已经是开通状态
0924 01:09:47 simulator: 221: 断开处理
0924 01:09:47 simulator: 230: 收到服务器传递过来的命令: 0117
0924 01:09:47 simulator: 273: 发送开通请求
0924 01:09:47 simulator: 279: 收到开通回复 命令: 0x102 代码: 0x1003 终端状态错误，已经是开通状态
0924 01:09:47 simulator: 221: 断开处理
0924 01:09:47 simulator: 230: 收到服务器传递过来的命令: 0117
0924 01:09:47 simulator: 301: 发送退租请求
0924 01:09:47 simulator: 306: 收到退租回复 命令: 0x103 代码: 0x0000 执行成功！
0924 01:09:47 simulator: 221: 断开处理
0924 01:09:47 simulator: 230: 收到服务器传递过来的命令: 0117
0924 01:09:47 simulator: 301: 发送退租请求
0924 01:09:48 simulator: 306: 收到退租回复 命令: 0x103 代码: 0x1021 系统从没收到过终端的开通请求
0924 01:09:48 simulator: 221: 断开处理
0924 01:09:48 simulator: 230: 收到服务器传递过来的命令: 0117
0924 01:09:48 simulator: 301: 发送退租请求
0924 01:09:48 simulator: 306: 收到退租回复 命令: 0x103 代码: 0x1021 系统从没收到过终端的开通请求
0924 01:09:48 simulator: 221: 断开处理
0924 01:09:48 simulator: 230: 收到服务器传递过来的命令: 0117
0924 01:09:48 simulator: 301: 发送退租请求
0924 01:09:48 simulator: 306: 收到退租回复 命令: 0x103 代码: 0x1021 系统从没收到过终端的开通请求
0924 01:09:48 simulator: 221: 断开处理
0924 01:09:48 simulator: 230: 收到服务器传递过来的命令: 0117
0924 01:09:48 simulator: 273: 发送开通请求
0924 01:09:48 simulator: 279: 收到开通回复 命令: 0x102 代码: 0x0000 执行成功！
0924 01:09:48 simulator: 221: 断开处理
0924 01:09:48 simulator: 230: 收到服务器传递过来的命令: 0117
0924 01:09:48 simulator: 273: 发送开通请求
0924 01:09:48 simulator: 279: 收到开通回复 命令: 0x102 代码: 0x1003 终端状态错误，已经是开通状态
0924 01:09:48 simulator: 221: 断开处理
0924 01:09:48 simulator: 230: 收到服务器传递过来的命令: 0117
0924 01:09:49 simulator: 301: 发送退租请求
0924 01:09:49 simulator: 306: 收到退租回复 命令: 0x103 代码: 0x0000 执行成功！
0924 01:09:49 simulator: 221: 断开处理
0924 01:09:49 simulator: 230: 收到服务器传递过来的命令: 0117
0924 01:09:49 simulator: 301: 发送退租请求
0924 01:09:49 simulator: 306: 收到退租回复 命令: 0x103 代码: 0x1021 系统从没收到过终端的开通请求
0924 01:09:49 simulator: 221: 断开处理
0924 01:09:49 simulator: 230: 收到服务器传递过来的命令: 0117
0924 01:09:49 simulator: 273: 发送开通请求
0924 01:09:49 simulator: 279: 收到开通回复 命令: 0x102 代码: 0x0000 执行成功！
0924 01:09:49 simulator: 221: 断开处理
0924 01:09:49 simulator: 230: 收到服务器传递过来的命令: 0117
0924 01:09:49 simulator: 273: 发送开通请求
0924 01:09:49 simulator: 279: 收到开通回复 命令: 0x102 代码: 0x1003 终端状态错误，已经是开通状态
0924 01:09:49 simulator: 221: 断开处理
0924 01:09:49 simulator: 230: 收到服务器传递过来的命令: 0117
0924 01:09:50 simulator: 301: 发送退租请求
0924 01:09:50 simulator: 306: 收到退租回复 命令: 0x103 代码: 0x0000 执行成功！
0924 01:09:50 simulator: 221: 断开处理
0924 01:09:50 simulator: 230: 收到服务器传递过来的命令: 0117
0924 01:09:50 simulator: 301: 发送退租请求
0924 01:09:50 simulator: 306: 收到退租回复 命令: 0x103 代码: 0x1021 系统从没收到过终端的开通请求
0924 01:09:50 simulator: 221: 断开处理
0924 01:09:50 simulator: 230: 收到服务器传递过来的命令: 0117
0924 01:09:50 simulator: 301: 发送退租请求
0924 01:09:50 simulator: 306: 收到退租回复 命令: 0x103 代码: 0x1021 系统从没收到过终端的开通请求
0924 01:09:50 simulator: 221: 断开处理
0924 01:09:50 simulator: 230: 收到服务器传递过来的命令: 0117
0924 01:09:50 simulator: 273: 发送开通请求
0924 01:09:50 simulator: 279: 收到开通回复 命令: 0x102 代码: 0x0000 执行成功！
0924 01:09:50 simulator: 221: 断开处理
0924 01:09:50 simulator: 230: 收到服务器传递过来的命令: 0117
0924 01:09:50 simulator: 301: 发送退租请求
0924 01:09:51 simulator: 306: 收到退租回复 命令: 0x103 代码: 0x0000 执行成功！
0924 01:09:51 simulator: 221: 断开处理
0924 01:09:51 simulator: 230: 收到服务器传递过来的命令: 0117
0924 01:09:51 simulator: 273: 发送开通请求
0924 01:09:51 simulator: 279: 收到开通回复 命令: 0x102 代码: 0x0000 执行成功！
0924 01:09:51 simulator: 221: 断开处理
0924 01:09:51 simulator: 230: 收到服务器传递过来的命令: 0117
0924 01:09:51 simulator: 301: 发送退租请求
0924 01:09:51 simulator: 306: 收到退租回复 命令: 0x103 代码: 0x0000 执行成功！
0924 01:09:51 simulator: 221: 断开处理
0924 01:09:51 simulator: 230: 收到服务器传递过来的命令: 0117
0924 01:09:51 simulator: 273: 发送开通请求
0924 01:09:51 simulator: 279: 收到开通回复 命令: 0x102 代码: 0x0000 执行成功！
0924 01:09:51 simulator: 221: 断开处理
0924 01:09:51 simulator: 230: 收到服务器传递过来的命令: 0117
0924 01:09:51 simulator: 301: 发送退租请求
0924 01:09:51 simulator: 306: 收到退租回复 命令: 0x103 代码: 0x0000 执行成功！
0924 01:09:51 simulator: 221: 断开处理
0924 01:09:51 simulator: 230: 收到服务器传递过来的命令: 0117
0924 01:09:51 simulator: 273: 发送开通请求
0924 01:09:52 simulator: 279: 收到开通回复 命令: 0x102 代码: 0x0000 执行成功！
0924 01:09:52 simulator: 221: 断开处理
0924 01:09:52 simulator: 230: 收到服务器传递过来的命令: 0117
0924 01:09:52 simulator: 301: 发送退租请求
0924 01:09:52 simulator: 306: 收到退租回复 命令: 0x103 代码: 0x0000 执行成功！
0924 01:09:52 simulator: 221: 断开处理
0924 01:09:52 simulator: 230: 收到服务器传递过来的命令: 0117
0924 01:09:52 simulator: 273: 发送开通请求
0924 01:09:52 simulator: 279: 收到开通回复 命令: 0x102 代码: 0x0000 执行成功！
0924 01:09:52 simulator: 221: 断开处理
0924 01:09:52 simulator: 230: 收到服务器传递过来的命令: 0117
0924 01:09:52 simulator: 301: 发送退租请求
0924 01:09:52 simulator: 306: 收到退租回复 命令: 0x103 代码: 0x0000 执行成功！
0924 01:09:52 simulator: 221: 断开处理
0924 01:09:52 simulator: 230: 收到服务器传递过来的命令: 0117
0924 01:09:52 simulator: 273: 发送开通请求
0924 01:09:52 simulator: 279: 收到开通回复 命令: 0x102 代码: 0x0000 执行成功！
0924 01:09:52 simulator: 221: 断开处理
0924 01:09:52 simulator: 230: 收到服务器传递过来的命令: 0117
0924 01:09:53 simulator: 301: 发送退租请求
0924 01:09:53 simulator: 306: 收到退租回复 命令: 0x103 代码: 0x0000 执行成功！
0924 01:09:53 simulator: 221: 断开处理
0924 01:09:53 simulator: 230: 收到服务器传递过来的命令: 0117
0924 01:09:53 simulator: 273: 发送开通请求
0924 01:09:53 simulator: 279: 收到开通回复 命令: 0x102 代码: 0x0000 执行成功！
0924 01:09:53 simulator: 221: 断开处理
0924 01:09:53 simulator: 230: 收到服务器传递过来的命令: 0117
0924 01:09:53 simulator: 301: 发送退租请求
0924 01:09:53 simulator: 306: 收到退租回复 命令: 0x103 代码: 0x0000 执行成功！
0924 01:09:53 simulator: 221: 断开处理
0924 01:09:53 simulator: 230: 收到服务器传递过来的命令: 0117
0924 01:09:53 simulator: 273: 发送开通请求
0924 01:09:53 simulator: 279: 收到开通回复 命令: 0x102 代码: 0x0000 执行成功！
0924 01:09:53 simulator: 221: 断开处理
0924 01:09:53 simulator: 230: 收到服务器传递过来的命令: 0117
0924 01:09:54 simulator: 273: 发送开通请求
0924 01:09:54 simulator: 279: 收到开通回复 命令: 0x102 代码: 0x1003 终端状态错误，已经是开通状态
0924 01:09:54 simulator: 221: 断开处理
0924 01:09:54 simulator: 230: 收到服务器传递过来的命令: 0117
0924 01:09:54 simulator: 301: 发送退租请求
0924 01:09:54 simulator: 306: 收到退租回复 命令: 0x103 代码: 0x0000 执行成功！
0924 01:09:54 simulator: 221: 断开处理
0924 01:09:54 simulator: 230: 收到服务器传递过来的命令: 0117
0924 01:09:54 simulator: 273: 发送开通请求
0924 01:09:54 simulator: 279: 收到开通回复 命令: 0x102 代码: 0x0000 执行成功！
0924 01:09:54 simulator: 221: 断开处理
0924 01:09:54 simulator: 230: 收到服务器传递过来的命令: 0117
0924 01:09:54 simulator: 301: 发送退租请求
0924 01:09:54 simulator: 306: 收到退租回复 命令: 0x103 代码: 0x0000 执行成功！
0924 01:09:54 simulator: 221: 断开处理
0924 01:09:54 simulator: 230: 收到服务器传递过来的命令: 0117
0924 01:09:54 simulator: 273: 发送开通请求
0924 01:09:54 simulator: 279: 收到开通回复 命令: 0x102 代码: 0x0000 执行成功！
0924 01:09:54 simulator: 221: 断开处理
0924 01:09:54 simulator: 230: 收到服务器传递过来的命令: 0117
0924 01:09:54 simulator: 301: 发送退租请求
0924 01:09:55 simulator: 306: 收到退租回复 命令: 0x103 代码: 0x0000 执行成功！
0924 01:09:55 simulator: 221: 断开处理
0924 01:09:55 simulator: 230: 收到服务器传递过来的命令: 0117
0924 01:09:55 simulator: 273: 发送开通请求
0924 01:09:55 simulator: 279: 收到开通回复 命令: 0x102 代码: 0x0000 执行成功！
0924 01:09:55 simulator: 221: 断开处理
0924 01:09:55 simulator: 230: 收到服务器传递过来的命令: 0117
0924 01:09:55 simulator: 301: 发送退租请求
0924 01:09:55 simulator: 306: 收到退租回复 命令: 0x103 代码: 0x0000 执行成功！
0924 01:09:55 simulator: 221: 断开处理
0924 01:09:55 simulator: 230: 收到服务器传递过来的命令: 0117
0924 01:09:55 simulator: 273: 发送开通请求
0924 01:09:55 simulator: 279: 收到开通回复 命令: 0x102 代码: 0x0000 执行成功！
0924 01:09:55 simulator: 221: 断开处理
0924 01:09:55 simulator: 230: 收到服务器传递过来的命令: 0117
0924 01:09:55 simulator: 301: 发送退租请求
0924 01:09:55 simulator: 306: 收到退租回复 命令: 0x103 代码: 0x0000 执行成功！
0924 01:09:55 simulator: 221: 断开处理
0924 01:09:55 simulator: 230: 收到服务器传递过来的命令: 0117
0924 01:09:55 simulator: 273: 发送开通请求
0924 01:09:56 simulator: 279: 收到开通回复 命令: 0x102 代码: 0x0000 执行成功！
0924 01:09:56 simulator: 221: 断开处理
0924 01:09:56 simulator: 230: 收到服务器传递过来的命令: 0117
0924 01:09:56 simulator: 301: 发送退租请求
0924 01:09:56 simulator: 306: 收到退租回复 命令: 0x103 代码: 0x0000 执行成功！
0924 01:09:56 simulator: 221: 断开处理
0924 01:09:56 simulator: 230: 收到服务器传递过来的命令: 0117
0924 01:09:56 simulator: 273: 发送开通请求
0924 01:09:56 simulator: 279: 收到开通回复 命令: 0x102 代码: 0x0000 执行成功！
0924 01:09:56 simulator: 221: 断开处理
0924 01:09:56 simulator: 230: 收到服务器传递过来的命令: 0117
0924 01:09:56 simulator: 301: 发送退租请求
0924 01:09:56 simulator: 306: 收到退租回复 命令: 0x103 代码: 0x0000 执行成功！
0924 01:09:56 simulator: 221: 断开处理
0924 01:09:56 simulator: 230: 收到服务器传递过来的命令: 0117
0924 01:09:56 simulator: 273: 发送开通请求
0924 01:09:56 simulator: 279: 收到开通回复 命令: 0x102 代码: 0x0000 执行成功！
0924 01:09:56 simulator: 221: 断开处理
0924 01:09:56 simulator: 230: 收到服务器传递过来的命令: 0117
0924 01:09:56 simulator: 301: 发送退租请求
0924 01:09:57 simulator: 306: 收到退租回复 命令: 0x103 代码: 0x0000 执行成功！
0924 01:09:57 simulator: 221: 断开处理
0924 01:09:57 simulator: 230: 收到服务器传递过来的命令: 0117
0924 01:09:57 simulator: 273: 发送开通请求
0924 01:09:57 simulator: 279: 收到开通回复 命令: 0x102 代码: 0x0000 执行成功！
0924 01:09:57 simulator: 221: 断开处理
0924 01:09:57 simulator: 230: 收到服务器传递过来的命令: 0117
0924 01:09:57 simulator: 301: 发送退租请求
0924 01:09:57 simulator: 306: 收到退租回复 命令: 0x103 代码: 0x0000 执行成功！
0924 01:09:57 simulator: 221: 断开处理
0924 01:09:57 simulator: 230: 收到服务器传递过来的命令: 0117
0924 01:09:57 simulator: 273: 发送开通请求
0924 01:09:57 simulator: 279: 收到开通回复 命令: 0x102 代码: 0x0000 执行成功！
0924 01:09:57 simulator: 221: 断开处理
0924 01:09:57 simulator: 230: 收到服务器传递过来的命令: 0117
0924 01:09:57 simulator: 301: 发送退租请求
0924 01:09:57 simulator: 306: 收到退租回复 命令: 0x103 代码: 0x0000 执行成功！
0924 01:09:57 simulator: 221: 断开处理
0924 01:09:57 simulator: 230: 收到服务器传递过来的命令: 0117
0924 01:09:58 simulator: 301: 发送退租请求
0924 01:09:58 simulator: 306: 收到退租回复 命令: 0x103 代码: 0x1021 系统从没收到过终端的开通请求
0924 01:09:58 simulator: 221: 断开处理
0924 01:09:58 simulator: 230: 收到服务器传递过来的命令: 0117
0924 01:09:58 simulator: 273: 发送开通请求
0924 01:09:58 simulator: 279: 收到开通回复 命令: 0x102 代码: 0x0000 执行成功！
0924 01:09:58 simulator: 221: 断开处理
0924 01:09:58 simulator: 230: 收到服务器传递过来的命令: 0117
0924 01:09:58 simulator: 301: 发送退租请求
0924 01:09:58 simulator: 306: 收到退租回复 命令: 0x103 代码: 0x0000 执行成功！
0924 01:09:58 simulator: 221: 断开处理
0924 01:09:58 simulator: 230: 收到服务器传递过来的命令: 0117
0924 01:09:59 simulator: 273: 发送开通请求
0924 01:09:59 simulator: 279: 收到开通回复 命令: 0x102 代码: 0x0000 执行成功！
0924 01:09:59 simulator: 221: 断开处理
0924 01:09:59 simulator: 230: 收到服务器传递过来的命令: 0117
0924 01:09:59 simulator: 301: 发送退租请求
0924 01:09:59 simulator: 306: 收到退租回复 命令: 0x103 代码: 0x0000 执行成功！
0924 01:09:59 simulator: 221: 断开处理
0924 01:09:59 simulator: 230: 收到服务器传递过来的命令: 0117
0924 01:09:59 simulator: 273: 发送开通请求
0924 01:09:59 simulator: 279: 收到开通回复 命令: 0x102 代码: 0x0000 执行成功！
0924 01:09:59 simulator: 221: 断开处理
0924 01:09:59 simulator: 230: 收到服务器传递过来的命令: 0117
0924 01:09:59 simulator: 301: 发送退租请求
0924 01:09:59 simulator: 306: 收到退租回复 命令: 0x103 代码: 0x0000 执行成功！
0924 01:09:59 simulator: 221: 断开处理
0924 01:09:59 simulator: 230: 收到服务器传递过来的命令: 0117
0924 01:10:00 simulator: 273: 发送开通请求
0924 01:10:00 simulator: 279: 收到开通回复 命令: 0x102 代码: 0x0000 执行成功！
0924 01:10:00 simulator: 221: 断开处理
0924 01:10:00 simulator: 230: 收到服务器传递过来的命令: 0117
0924 01:10:00 simulator: 301: 发送退租请求
0924 01:10:00 simulator: 306: 收到退租回复 命令: 0x103 代码: 0x0000 执行成功！
0924 01:10:00 simulator: 221: 断开处理
0924 01:10:00 simulator: 230: 收到服务器传递过来的命令: 0117
0924 01:10:00 simulator: 273: 发送开通请求
0924 01:10:00 simulator: 279: 收到开通回复 命令: 0x102 代码: 0x0000 执行成功！
0924 01:10:00 simulator: 221: 断开处理
0924 01:10:00 simulator: 230: 收到服务器传递过来的命令: 0117
0924 01:10:00 simulator: 301: 发送退租请求
0924 01:10:00 simulator: 306: 收到退租回复 命令: 0x103 代码: 0x0000 执行成功！
0924 01:10:00 simulator: 221: 断开处理
0924 01:10:00 simulator: 230: 收到服务器传递过来的命令: 0117
0924 01:10:01 simulator: 273: 发送开通请求
0924 01:10:01 simulator: 279: 收到开通回复 命令: 0x102 代码: 0x0000 执行成功！
0924 01:10:01 simulator: 221: 断开处理
0924 01:10:01 simulator: 230: 收到服务器传递过来的命令: 0117
0924 01:10:01 simulator: 301: 发送退租请求
0924 01:10:01 simulator: 306: 收到退租回复 命令: 0x103 代码: 0x0000 执行成功！
0924 01:10:01 simulator: 221: 断开处理
0924 01:10:01 simulator: 230: 收到服务器传递过来的命令: 0117
0924 01:10:11 simulator: 318: end tmid=012345678901234ABCDEFGHIJKLMNO params='a=b,c=d,e=f'
0924 01:10:25 simulator: 208: started 
0924 01:10:25 simulator: 209: tmid       =012345678901234ABCDEFGHIJKLMNO
0924 01:10:25 simulator: 210: serverip   =127.0.0.1
0924 01:10:25 simulator: 211: serverport =7000
0924 01:10:25 simulator: 212: params     ='a=b,c=d,e=f'
0924 01:10:26 simulator: 318: end tmid=012345678901234ABCDEFGHIJKLMNO params='a=b,c=d,e=f'
0924 01:10:47 simulator: 208: started 
0924 01:10:47 simulator: 209: tmid       =012345678901234ABCDEFGHIJKLMNO
0924 01:10:47 simulator: 210: serverip   =127.0.0.1
0924 01:10:47 simulator: 211: serverport =7000
0924 01:10:47 simulator: 212: params     ='a=b,c=d,e=f'
0924 01:10:48 simulator: 318: end tmid=012345678901234ABCDEFGHIJKLMNO params='a=b,c=d,e=f'
0924 01:11:05 simulator: 208: started 
0924 01:11:05 simulator: 209: tmid       =012345678901234ABCDEFGHIJKLMNO
0924 01:11:05 simulator: 210: serverip   =127.0.0.1
0924 01:11:05 simulator: 211: serverport =7000
0924 01:11:05 simulator: 212: params     ='a=b,c=d,e=f'
0924 01:11:06 simulator: 273: 发送开通请求
0924 01:11:06 simulator: 279: 收到开通回复 命令: 0x102 代码: 0x0000 执行成功！
0924 01:11:06 simulator: 221: 断开处理
0924 01:11:06 simulator: 230: 收到服务器传递过来的命令: 0117
0924 01:11:07 simulator: 301: 发送退租请求
0924 01:11:07 simulator: 306: 收到退租回复 命令: 0x103 代码: 0x0000 执行成功！
0924 01:11:07 simulator: 221: 断开处理
0924 01:11:07 simulator: 230: 收到服务器传递过来的命令: 0117
0924 01:11:07 simulator: 273: 发送开通请求
0924 01:11:07 simulator: 279: 收到开通回复 命令: 0x102 代码: 0x0000 执行成功！
0924 01:11:07 simulator: 221: 断开处理
0924 01:11:07 simulator: 230: 收到服务器传递过来的命令: 0117
0924 01:11:07 simulator: 301: 发送退租请求
0924 01:11:07 simulator: 306: 收到退租回复 命令: 0x103 代码: 0x0000 执行成功！
0924 01:11:07 simulator: 221: 断开处理
0924 01:11:07 simulator: 230: 收到服务器传递过来的命令: 0117
0924 01:11:08 simulator: 273: 发送开通请求
0924 01:11:08 simulator: 279: 收到开通回复 命令: 0x102 代码: 0x0000 执行成功！
0924 01:11:08 simulator: 221: 断开处理
0924 01:11:08 simulator: 230: 收到服务器传递过来的命令: 0117
0924 01:11:08 simulator: 301: 发送退租请求
0924 01:11:08 simulator: 306: 收到退租回复 命令: 0x103 代码: 0x0000 执行成功！
0924 01:11:08 simulator: 221: 断开处理
0924 01:11:08 simulator: 230: 收到服务器传递过来的命令: 0117
0924 01:11:08 simulator: 273: 发送开通请求
0924 01:11:08 simulator: 279: 收到开通回复 命令: 0x102 代码: 0x0000 执行成功！
0924 01:11:08 simulator: 221: 断开处理
0924 01:11:08 simulator: 230: 收到服务器传递过来的命令: 0117
0924 01:11:08 simulator: 301: 发送退租请求
0924 01:11:08 simulator: 306: 收到退租回复 命令: 0x103 代码: 0x0000 执行成功！
0924 01:11:08 simulator: 221: 断开处理
0924 01:11:08 simulator: 230: 收到服务器传递过来的命令: 0117
0924 01:11:09 simulator: 273: 发送开通请求
0924 01:11:09 simulator: 279: 收到开通回复 命令: 0x102 代码: 0x0000 执行成功！
0924 01:11:09 simulator: 221: 断开处理
0924 01:11:09 simulator: 230: 收到服务器传递过来的命令: 0117
0924 01:11:09 simulator: 301: 发送退租请求
0924 01:11:09 simulator: 306: 收到退租回复 命令: 0x103 代码: 0x0000 执行成功！
0924 01:11:09 simulator: 221: 断开处理
0924 01:11:09 simulator: 230: 收到服务器传递过来的命令: 0117
0924 01:11:09 simulator: 273: 发送开通请求
0924 01:11:09 simulator: 279: 收到开通回复 命令: 0x102 代码: 0x0000 执行成功！
0924 01:11:09 simulator: 221: 断开处理
0924 01:11:09 simulator: 230: 收到服务器传递过来的命令: 0117
0924 01:11:09 simulator: 301: 发送退租请求
0924 01:11:09 simulator: 306: 收到退租回复 命令: 0x103 代码: 0x0000 执行成功！
0924 01:11:09 simulator: 221: 断开处理
0924 01:11:09 simulator: 230: 收到服务器传递过来的命令: 0117
0924 01:11:10 simulator: 273: 发送开通请求
0924 01:11:10 simulator: 279: 收到开通回复 命令: 0x102 代码: 0x0000 执行成功！
0924 01:11:10 simulator: 221: 断开处理
0924 01:11:10 simulator: 230: 收到服务器传递过来的命令: 0117
0924 01:11:10 simulator: 301: 发送退租请求
0924 01:11:10 simulator: 306: 收到退租回复 命令: 0x103 代码: 0x0000 执行成功！
0924 01:11:10 simulator: 221: 断开处理
0924 01:11:10 simulator: 230: 收到服务器传递过来的命令: 0117
0924 01:11:10 simulator: 273: 发送开通请求
0924 01:11:10 simulator: 279: 收到开通回复 命令: 0x102 代码: 0x0000 执行成功！
0924 01:11:10 simulator: 221: 断开处理
0924 01:11:10 simulator: 230: 收到服务器传递过来的命令: 0117
0924 01:11:10 simulator: 273: 发送开通请求
0924 01:11:10 simulator: 279: 收到开通回复 命令: 0x102 代码: 0x1003 终端状态错误，已经是开通状态
0924 01:11:10 simulator: 221: 断开处理
0924 01:11:10 simulator: 230: 收到服务器传递过来的命令: 0117
0924 01:11:10 simulator: 273: 发送开通请求
0924 01:11:10 simulator: 279: 收到开通回复 命令: 0x102 代码: 0x1003 终端状态错误，已经是开通状态
0924 01:11:10 simulator: 221: 断开处理
0924 01:11:10 simulator: 230: 收到服务器传递过来的命令: 0117
0924 01:11:11 simulator: 301: 发送退租请求
0924 01:11:11 simulator: 306: 收到退租回复 命令: 0x103 代码: 0x0000 执行成功！
0924 01:11:11 simulator: 221: 断开处理
0924 01:11:11 simulator: 230: 收到服务器传递过来的命令: 0117
0924 01:11:11 simulator: 273: 发送开通请求
0924 01:11:11 simulator: 279: 收到开通回复 命令: 0x102 代码: 0x0000 执行成功！
0924 01:11:11 simulator: 221: 断开处理
0924 01:11:11 simulator: 230: 收到服务器传递过来的命令: 0117
0924 01:11:11 simulator: 301: 发送退租请求
0924 01:11:11 simulator: 306: 收到退租回复 命令: 0x103 代码: 0x0000 执行成功！
0924 01:11:11 simulator: 221: 断开处理
0924 01:11:11 simulator: 230: 收到服务器传递过来的命令: 0117
0924 01:11:11 simulator: 273: 发送开通请求
0924 01:11:11 simulator: 279: 收到开通回复 命令: 0x102 代码: 0x0000 执行成功！
0924 01:11:11 simulator: 221: 断开处理
0924 01:11:11 simulator: 230: 收到服务器传递过来的命令: 0117
0924 01:11:12 simulator: 301: 发送退租请求
0924 01:11:12 simulator: 306: 收到退租回复 命令: 0x103 代码: 0x0000 执行成功！
0924 01:11:12 simulator: 221: 断开处理
0924 01:11:12 simulator: 230: 收到服务器传递过来的命令: 0117
0924 01:11:12 simulator: 273: 发送开通请求
0924 01:11:12 simulator: 279: 收到开通回复 命令: 0x102 代码: 0x0000 执行成功！
0924 01:11:12 simulator: 221: 断开处理
0924 01:11:12 simulator: 230: 收到服务器传递过来的命令: 0117
0924 01:11:12 simulator: 301: 发送退租请求
0924 01:11:12 simulator: 306: 收到退租回复 命令: 0x103 代码: 0x0000 执行成功！
0924 01:11:12 simulator: 221: 断开处理
0924 01:11:12 simulator: 230: 收到服务器传递过来的命令: 0117
0924 01:11:12 simulator: 273: 发送开通请求
0924 01:11:12 simulator: 279: 收到开通回复 命令: 0x102 代码: 0x0000 执行成功！
0924 01:11:12 simulator: 221: 断开处理
0924 01:11:12 simulator: 230: 收到服务器传递过来的命令: 0117
0924 01:11:13 simulator: 301: 发送退租请求
0924 01:11:13 simulator: 306: 收到退租回复 命令: 0x103 代码: 0x0000 执行成功！
0924 01:11:13 simulator: 221: 断开处理
0924 01:11:13 simulator: 230: 收到服务器传递过来的命令: 0117
0924 01:11:13 simulator: 273: 发送开通请求
0924 01:11:13 simulator: 279: 收到开通回复 命令: 0x102 代码: 0x0000 执行成功！
0924 01:11:13 simulator: 221: 断开处理
0924 01:11:13 simulator: 230: 收到服务器传递过来的命令: 0117
0924 01:11:13 simulator: 301: 发送退租请求
0924 01:11:13 simulator: 306: 收到退租回复 命令: 0x103 代码: 0x0000 执行成功！
0924 01:11:13 simulator: 221: 断开处理
0924 01:11:13 simulator: 230: 收到服务器传递过来的命令: 0117
0924 01:11:14 simulator: 318: end tmid=012345678901234ABCDEFGHIJKLMNO params='a=b,c=d,e=f'
0924 01:20:39 simulator: 208: started 
0924 01:20:39 simulator: 209: tmid       =012345678901234ABCDEFGHIJKLMNO
0924 01:20:39 simulator: 210: serverip   =127.0.0.1
0924 01:20:39 simulator: 211: serverport =7000
0924 01:20:39 simulator: 212: params     ='a=b,c=d,e=f'
0924 01:20:42 simulator: 318: end tmid=012345678901234ABCDEFGHIJKLMNO params='a=b,c=d,e=f'
0924 01:22:10 simulator: 208: started 
0924 01:22:10 simulator: 209: tmid       =012345678901234ABCDEFGHIJKLMNO
0924 01:22:10 simulator: 210: serverip   =127.0.0.1
0924 01:22:10 simulator: 211: serverport =7000
0924 01:22:10 simulator: 212: params     ='a=b,c=d,e=f'
0924 01:22:12 simulator: 273: 发送开通请求
0924 01:22:12 simulator: 279: 收到开通回复 命令: 0x102 代码: 0x0000 执行成功！
0924 01:22:12 simulator: 221: 断开处理
0924 01:22:12 simulator: 230: 收到服务器传递过来的命令: 0117
0924 01:22:13 simulator: 301: 发送退租请求
0924 01:22:13 simulator: 306: 收到退租回复 命令: 0x103 代码: 0x0000 执行成功！
0924 01:22:13 simulator: 221: 断开处理
0924 01:22:13 simulator: 230: 收到服务器传递过来的命令: 0117
0924 01:22:13 simulator: 273: 发送开通请求
0924 01:22:13 simulator: 279: 收到开通回复 命令: 0x102 代码: 0x0000 执行成功！
0924 01:22:13 simulator: 221: 断开处理
0924 01:22:13 simulator: 230: 收到服务器传递过来的命令: 0117
0924 01:22:13 simulator: 301: 发送退租请求
0924 01:22:13 simulator: 306: 收到退租回复 命令: 0x103 代码: 0x0000 执行成功！
0924 01:22:13 simulator: 221: 断开处理
0924 01:22:13 simulator: 230: 收到服务器传递过来的命令: 0117
0924 01:22:13 simulator: 273: 发送开通请求
0924 01:22:13 simulator: 279: 收到开通回复 命令: 0x102 代码: 0x0000 执行成功！
0924 01:22:13 simulator: 221: 断开处理
0924 01:22:13 simulator: 230: 收到服务器传递过来的命令: 0117
0924 01:22:14 simulator: 318: end tmid=012345678901234ABCDEFGHIJKLMNO params='a=b,c=d,e=f'
0924 01:40:58 simulator: 208: started 
0924 01:40:58 simulator: 209: tmid       =012345678901234ABCDEFGHIJKLMNO
0924 01:40:58 simulator: 210: serverip   =127.0.0.1
0924 01:40:58 simulator: 211: serverport =7000
0924 01:40:58 simulator: 212: params     ='a=b,c=d,e=f'
0924 01:41:00 simulator: 273: 发送开通请求
0924 01:41:00 simulator: 279: 收到开通回复 命令: 0x102 代码: 0x1019 系统有致命错误而拒绝了终端登录
0924 01:41:00 simulator: 221: 断开处理
0924 01:41:00 simulator: 230: 收到服务器传递过来的命令: 0117
0924 01:41:01 simulator: 301: 发送退租请求
0924 01:41:01 simulator: 306: 收到退租回复 命令: 0x103 代码: 0x1022 系统有致命错误而拒绝了终端退租
0924 01:41:01 simulator: 221: 断开处理
0924 01:41:01 simulator: 230: 收到服务器传递过来的命令: 0117
0924 01:41:03 simulator: 273: 发送开通请求
0924 01:41:03 simulator: 279: 收到开通回复 命令: 0x102 代码: 0x1019 系统有致命错误而拒绝了终端登录
0924 01:41:03 simulator: 221: 断开处理
0924 01:41:03 simulator: 230: 收到服务器传递过来的命令: 0117
0924 01:41:27 simulator: 273: 发送开通请求
0924 01:41:27 simulator: 279: 收到开通回复 命令: 0x102 代码: 0x1019 系统有致命错误而拒绝了终端登录
0924 01:41:27 simulator: 221: 断开处理
0924 01:41:27 simulator: 230: 收到服务器传递过来的命令: 0117
0924 01:41:28 simulator: 301: 发送退租请求
0924 01:41:28 simulator: 306: 收到退租回复 命令: 0x103 代码: 0x1022 系统有致命错误而拒绝了终端退租
0924 01:41:28 simulator: 221: 断开处理
0924 01:41:28 simulator: 230: 收到服务器传递过来的命令: 0117
0924 01:41:28 simulator: 273: 发送开通请求
0924 01:41:28 simulator: 279: 收到开通回复 命令: 0x102 代码: 0x1019 系统有致命错误而拒绝了终端登录
0924 01:41:28 simulator: 221: 断开处理
0924 01:41:28 simulator: 230: 收到服务器传递过来的命令: 0117
0924 01:41:28 simulator: 301: 发送退租请求
0924 01:41:28 simulator: 306: 收到退租回复 命令: 0x103 代码: 0x1022 系统有致命错误而拒绝了终端退租
0924 01:41:28 simulator: 221: 断开处理
0924 01:41:29 simulator: 230: 收到服务器传递过来的命令: 0117
0927 17:19:18 simulator: 208: started 
0927 17:19:19 simulator: 209: tmid       =012345678901234ABCDEFGHIJKLMNO
0927 17:19:19 simulator: 210: serverip   =127.0.0.1
0927 17:19:19 simulator: 211: serverport =7000
0927 17:19:19 simulator: 212: params     ='a=b,c=d,e=f'
0927 17:19:24 simulator: 286: 网络错误: connect to '127.0.0.1:7000' error
0927 17:19:26 simulator: 318: end tmid=012345678901234ABCDEFGHIJKLMNO params='a=b,c=d,e=f'
0329 23:04:18 simulator: 208: started 
0329 23:04:18 simulator: 209: tmid       =012345678901234ABCDEFGHIJKLMNO
0329 23:04:18 simulator: 210: serverip   =127.0.0.1
0329 23:04:18 simulator: 211: serverport =7000
0329 23:04:18 simulator: 212: params     ='a=b,c=d,e=f'
0329 23:04:29 simulator: 318: end tmid=012345678901234ABCDEFGHIJKLMNO params='a=b,c=d,e=f'
