0924 00:34:59 simulator: 208: started 
0924 00:34:59 simulator: 209: tmid       =012345678901234ABCDEFGHIJKLMNO
0924 00:34:59 simulator: 210: serverip   =127.0.0.1
0924 00:34:59 simulator: 211: serverport =7000
0924 00:34:59 simulator: 212: params     ='a=b,c=d,e=f'
0924 00:35:03 simulator: 273: 发送开通请求
0924 00:35:03 simulator: 279: 收到开通回复 命令: 0x102 代码: 0x1019 系统有致命错误而拒绝了终端登录
0924 00:35:03 simulator: 221: 断开处理
0924 00:35:03 simulator: 230: 收到服务器传递过来的命令: 0117
0924 00:40:27 simulator: 273: 发送开通请求
0924 00:40:27 simulator: 279: 收到开通回复 命令: 0x102 代码: 0x0000 执行成功！
0924 00:40:27 simulator: 221: 断开处理
0924 00:40:27 simulator: 230: 收到服务器传递过来的命令: 0117
0924 00:40:29 simulator: 301: 发送退租请求
0924 00:40:29 simulator: 306: 收到退租回复 命令: 0x103 代码: 0x0000 执行成功！
0924 00:40:29 simulator: 221: 断开处理
0924 00:40:29 simulator: 230: 收到服务器传递过来的命令: 0117
0924 00:40:38 simulator: 301: 发送退租请求
0924 00:40:38 simulator: 306: 收到退租回复 命令: 0x103 代码: 0x1021 系统从没收到过终端的开通请求
0924 00:40:38 simulator: 221: 断开处理
0924 00:40:38 simulator: 230: 收到服务器传递过来的命令: 0117
0924 00:40:39 simulator: 301: 发送退租请求
0924 00:40:39 simulator: 306: 收到退租回复 命令: 0x103 代码: 0x1021 系统从没收到过终端的开通请求
0924 00:40:39 simulator: 221: 断开处理
0924 00:40:39 simulator: 230: 收到服务器传递过来的命令: 0117
0924 00:40:39 simulator: 273: 发送开通请求
0924 00:40:39 simulator: 279: 收到开通回复 命令: 0x102 代码: 0x0000 执行成功！
0924 00:40:39 simulator: 221: 断开处理
0924 00:40:39 simulator: 230: 收到服务器传递过来的命令: 0117
0924 00:40:40 simulator: 273: 发送开通请求
0924 00:40:40 simulator: 279: 收到开通回复 命令: 0x102 代码: 0x1003 终端状态错误，已经是开通状态
0924 00:40:40 simulator: 221: 断开处理
0924 00:40:40 simulator: 230: 收到服务器传递过来的命令: 0117
0924 00:40:40 simulator: 273: 发送开通请求
0924 00:40:40 simulator: 279: 收到开通回复 命令: 0x102 代码: 0x1003 终端状态错误，已经是开通状态
0924 00:40:40 simulator: 221: 断开处理
0924 00:40:40 simulator: 230: 收到服务器传递过来的命令: 0117
0924 00:40:41 simulator: 273: 发送开通请求
0924 00:40:41 simulator: 279: 收到开通回复 命令: 0x102 代码: 0x1003 终端状态错误，已经是开通状态
0924 00:40:41 simulator: 221: 断开处理
0924 00:40:41 simulator: 230: 收到服务器传递过来的命令: 0117
0924 00:40:41 simulator: 273: 发送开通请求
0924 00:40:41 simulator: 279: 收到开通回复 命令: 0x102 代码: 0x1003 终端状态错误，已经是开通状态
0924 00:40:41 simulator: 221: 断开处理
0924 00:40:41 simulator: 230: 收到服务器传递过来的命令: 0117
0924 00:40:41 simulator: 273: 发送开通请求
0924 00:40:41 simulator: 279: 收到开通回复 命令: 0x102 代码: 0x1003 终端状态错误，已经是开通状态
0924 00:40:41 simulator: 221: 断开处理
0924 00:40:41 simulator: 230: 收到服务器传递过来的命令: 0117
0924 00:40:41 simulator: 273: 发送开通请求
0924 00:40:41 simulator: 279: 收到开通回复 命令: 0x102 代码: 0x1003 终端状态错误，已经是开通状态
0924 00:40:41 simulator: 221: 断开处理
0924 00:40:41 simulator: 230: 收到服务器传递过来的命令: 0117
0924 00:40:41 simulator: 273: 发送开通请求
0924 00:40:41 simulator: 279: 收到开通回复 命令: 0x102 代码: 0x1003 终端状态错误，已经是开通状态
0924 00:40:41 simulator: 221: 断开处理
0924 00:40:41 simulator: 230: 收到服务器传递过来的命令: 0117
0924 00:40:42 simulator: 301: 发送退租请求
0924 00:40:42 simulator: 306: 收到退租回复 命令: 0x103 代码: 0x0000 执行成功！
0924 00:40:42 simulator: 221: 断开处理
0924 00:40:42 simulator: 230: 收到服务器传递过来的命令: 0117
0924 00:40:42 simulator: 301: 发送退租请求
0924 00:40:42 simulator: 306: 收到退租回复 命令: 0x103 代码: 0x1021 系统从没收到过终端的开通请求
0924 00:40:42 simulator: 221: 断开处理
0924 00:40:42 simulator: 230: 收到服务器传递过来的命令: 0117
0924 00:40:42 simulator: 301: 发送退租请求
0924 00:40:42 simulator: 306: 收到退租回复 命令: 0x103 代码: 0x1021 系统从没收到过终端的开通请求
0924 00:40:42 simulator: 221: 断开处理
0924 00:40:42 simulator: 230: 收到服务器传递过来的命令: 0117
0924 00:40:42 simulator: 301: 发送退租请求
0924 00:40:42 simulator: 306: 收到退租回复 命令: 0x103 代码: 0x1021 系统从没收到过终端的开通请求
0924 00:40:42 simulator: 221: 断开处理
0924 00:40:42 simulator: 230: 收到服务器传递过来的命令: 0117
0924 00:40:42 simulator: 301: 发送退租请求
0924 00:40:42 simulator: 306: 收到退租回复 命令: 0x103 代码: 0x1021 系统从没收到过终端的开通请求
0924 00:40:42 simulator: 221: 断开处理
0924 00:40:42 simulator: 230: 收到服务器传递过来的命令: 0117
0924 00:41:06 simulator: 301: 发送退租请求
0924 00:41:06 simulator: 306: 收到退租回复 命令: 0x103 代码: 0x1021 系统从没收到过终端的开通请求
0924 00:41:06 simulator: 221: 断开处理
0924 00:41:06 simulator: 230: 收到服务器传递过来的命令: 0117
0924 00:41:06 simulator: 301: 发送退租请求
0924 00:41:06 simulator: 306: 收到退租回复 命令: 0x103 代码: 0x1021 系统从没收到过终端的开通请求
0924 00:41:06 simulator: 221: 断开处理
0924 00:41:06 simulator: 230: 收到服务器传递过来的命令: 0117
0924 00:41:07 simulator: 273: 发送开通请求
0924 00:41:07 simulator: 279: 收到开通回复 命令: 0x102 代码: 0x0000 执行成功！
0924 00:41:07 simulator: 221: 断开处理
0924 00:41:07 simulator: 230: 收到服务器传递过来的命令: 0117
0924 00:41:07 simulator: 273: 发送开通请求
0924 00:41:07 simulator: 279: 收到开通回复 命令: 0x102 代码: 0x1003 终端状态错误，已经是开通状态
0924 00:41:07 simulator: 221: 断开处理
0924 00:41:07 simulator: 230: 收到服务器传递过来的命令: 0117
0924 00:41:07 simulator: 273: 发送开通请求
0924 00:41:07 simulator: 279: 收到开通回复 命令: 0x102 代码: 0x1003 终端状态错误，已经是开通状态
0924 00:41:07 simulator: 221: 断开处理
0924 00:41:07 simulator: 230: 收到服务器传递过来的命令: 0117
0924 00:41:07 simulator: 273: 发送开通请求
0924 00:41:07 simulator: 279: 收到开通回复 命令: 0x102 代码: 0x1003 终端状态错误，已经是开通状态
0924 00:41:07 simulator: 221: 断开处理
0924 00:41:07 simulator: 230: 收到服务器传递过来的命令: 0117
0924 00:41:08 simulator: 273: 发送开通请求
0924 00:41:08 simulator: 279: 收到开通回复 命令: 0x102 代码: 0x1003 终端状态错误，已经是开通状态
0924 00:41:08 simulator: 221: 断开处理
0924 00:41:08 simulator: 230: 收到服务器传递过来的命令: 0117
0924 00:41:08 simulator: 273: 发送开通请求
0924 00:41:08 simulator: 279: 收到开通回复 命令: 0x102 代码: 0x1003 终端状态错误，已经是开通状态
0924 00:41:08 simulator: 221: 断开处理
0924 00:41:08 simulator: 230: 收到服务器传递过来的命令: 0117
0924 00:41:09 simulator: 301: 发送退租请求
0924 00:41:09 simulator: 306: 收到退租回复 命令: 0x103 代码: 0x0000 执行成功！
0924 00:41:09 simulator: 221: 断开处理
0924 00:41:09 simulator: 230: 收到服务器传递过来的命令: 0117
0924 00:41:09 simulator: 301: 发送退租请求
0924 00:41:09 simulator: 306: 收到退租回复 命令: 0x103 代码: 0x1021 系统从没收到过终端的开通请求
0924 00:41:09 simulator: 221: 断开处理
0924 00:41:09 simulator: 230: 收到服务器传递过来的命令: 0117
0924 00:41:10 simulator: 301: 发送退租请求
0924 00:41:10 simulator: 306: 收到退租回复 命令: 0x103 代码: 0x1021 系统从没收到过终端的开通请求
0924 00:41:10 simulator: 221: 断开处理
0924 00:41:10 simulator: 230: 收到服务器传递过来的命令: 0117
0924 00:41:10 simulator: 301: 发送退租请求
0924 00:41:10 simulator: 306: 收到退租回复 命令: 0x103 代码: 0x1021 系统从没收到过终端的开通请求
0924 00:41:10 simulator: 221: 断开处理
0924 00:41:10 simulator: 230: 收到服务器传递过来的命令: 0117
0924 00:41:10 simulator: 273: 发送开通请求
0924 00:41:10 simulator: 279: 收到开通回复 命令: 0x102 代码: 0x0000 执行成功！
0924 00:41:10 simulator: 221: 断开处理
0924 00:41:10 simulator: 230: 收到服务器传递过来的命令: 0117
0924 00:41:11 simulator: 301: 发送退租请求
0924 00:41:11 simulator: 306: 收到退租回复 命令: 0x103 代码: 0x0000 执行成功！
0924 00:41:11 simulator: 221: 断开处理
0924 00:41:11 simulator: 230: 收到服务器传递过来的命令: 0117
0924 00:41:11 simulator: 273: 发送开通请求
0924 00:41:11 simulator: 279: 收到开通回复 命令: 0x102 代码: 0x0000 执行成功！
0924 00:41:11 simulator: 221: 断开处理
0924 00:41:11 simulator: 230: 收到服务器传递过来的命令: 0117
0924 00:41:11 simulator: 301: 发送退租请求
0924 00:41:11 simulator: 306: 收到退租回复 命令: 0x103 代码: 0x0000 执行成功！
0924 00:41:11 simulator: 221: 断开处理
0924 00:41:11 simulator: 230: 收到服务器传递过来的命令: 0117
0924 00:41:12 simulator: 273: 发送开通请求
0924 00:41:12 simulator: 279: 收到开通回复 命令: 0x102 代码: 0x0000 执行成功！
0924 00:41:12 simulator: 221: 断开处理
0924 00:41:12 simulator: 230: 收到服务器传递过来的命令: 0117
0924 00:41:12 simulator: 301: 发送退租请求
0924 00:41:12 simulator: 306: 收到退租回复 命令: 0x103 代码: 0x0000 执行成功！
0924 00:41:12 simulator: 221: 断开处理
0924 00:41:12 simulator: 230: 收到服务器传递过来的命令: 0117
0924 00:41:13 simulator: 273: 发送开通请求
0924 00:41:13 simulator: 279: 收到开通回复 命令: 0x102 代码: 0x0000 执行成功！
0924 00:41:13 simulator: 221: 断开处理
0924 00:41:13 simulator: 230: 收到服务器传递过来的命令: 0117
0924 00:41:13 simulator: 301: 发送退租请求
0924 00:41:13 simulator: 306: 收到退租回复 命令: 0x103 代码: 0x0000 执行成功！
0924 00:41:13 simulator: 221: 断开处理
0924 00:41:13 simulator: 230: 收到服务器传递过来的命令: 0117
0924 00:41:13 simulator: 273: 发送开通请求
0924 00:41:13 simulator: 279: 收到开通回复 命令: 0x102 代码: 0x0000 执行成功！
0924 00:41:13 simulator: 221: 断开处理
0924 00:41:13 simulator: 230: 收到服务器传递过来的命令: 0117
0924 00:41:15 simulator: 301: 发送退租请求
0924 00:41:15 simulator: 306: 收到退租回复 命令: 0x103 代码: 0x0000 执行成功！
0924 00:41:15 simulator: 221: 断开处理
0924 00:41:15 simulator: 230: 收到服务器传递过来的命令: 0117
0924 00:41:15 simulator: 273: 发送开通请求
0924 00:41:15 simulator: 279: 收到开通回复 命令: 0x102 代码: 0x0000 执行成功！
0924 00:41:15 simulator: 221: 断开处理
0924 00:41:15 simulator: 230: 收到服务器传递过来的命令: 0117
0924 00:41:16 simulator: 301: 发送退租请求
0924 00:41:16 simulator: 306: 收到退租回复 命令: 0x103 代码: 0x0000 执行成功！
0924 00:41:16 simulator: 221: 断开处理
0924 00:41:16 simulator: 230: 收到服务器传递过来的命令: 0117
0924 00:41:18 simulator: 301: 发送退租请求
0924 00:41:18 simulator: 306: 收到退租回复 命令: 0x103 代码: 0x1021 系统从没收到过终端的开通请求
0924 00:41:18 simulator: 221: 断开处理
0924 00:41:18 simulator: 230: 收到服务器传递过来的命令: 0117
0924 00:41:18 simulator: 273: 发送开通请求
0924 00:41:18 simulator: 279: 收到开通回复 命令: 0x102 代码: 0x0000 执行成功！
0924 00:41:18 simulator: 221: 断开处理
0924 00:41:18 simulator: 230: 收到服务器传递过来的命令: 0117
0924 00:41:18 simulator: 301: 发送退租请求
0924 00:41:18 simulator: 306: 收到退租回复 命令: 0x103 代码: 0x0000 执行成功！
0924 00:41:18 simulator: 221: 断开处理
0924 00:41:18 simulator: 230: 收到服务器传递过来的命令: 0117
0924 00:41:19 simulator: 273: 发送开通请求
0924 00:41:19 simulator: 279: 收到开通回复 命令: 0x102 代码: 0x0000 执行成功！
0924 00:41:19 simulator: 221: 断开处理
0924 00:41:19 simulator: 230: 收到服务器传递过来的命令: 0117
0924 00:41:19 simulator: 273: 发送开通请求
0924 00:41:19 simulator: 279: 收到开通回复 命令: 0x102 代码: 0x1003 终端状态错误，已经是开通状态
0924 00:41:19 simulator: 221: 断开处理
0924 00:41:19 simulator: 230: 收到服务器传递过来的命令: 0117
0924 00:41:39 simulator: 273: 发送开通请求
0924 00:41:39 simulator: 279: 收到开通回复 命令: 0x102 代码: 0x1003 终端状态错误，已经是开通状态
0924 00:41:39 simulator: 221: 断开处理
0924 00:41:39 simulator: 230: 收到服务器传递过来的命令: 0117
0924 00:41:40 simulator: 301: 发送退租请求
0924 00:41:40 simulator: 306: 收到退租回复 命令: 0x103 代码: 0x0000 执行成功！
0924 00:41:40 simulator: 221: 断开处理
0924 00:41:40 simulator: 230: 收到服务器传递过来的命令: 0117
0924 00:41:41 simulator: 273: 发送开通请求
0924 00:41:41 simulator: 279: 收到开通回复 命令: 0x102 代码: 0x0000 执行成功！
0924 00:41:41 simulator: 221: 断开处理
0924 00:41:41 simulator: 230: 收到服务器传递过来的命令: 0117
0924 00:41:43 simulator: 301: 发送退租请求
0924 00:41:43 simulator: 306: 收到退租回复 命令: 0x103 代码: 0x0000 执行成功！
0924 00:41:43 simulator: 221: 断开处理
0924 00:41:43 simulator: 230: 收到服务器传递过来的命令: 0117
0924 00:41:43 simulator: 273: 发送开通请求
0924 00:41:43 simulator: 279: 收到开通回复 命令: 0x102 代码: 0x0000 执行成功！
0924 00:41:43 simulator: 221: 断开处理
0924 00:41:43 simulator: 230: 收到服务器传递过来的命令: 0117
0924 00:41:44 simulator: 301: 发送退租请求
0924 00:41:44 simulator: 306: 收到退租回复 命令: 0x103 代码: 0x0000 执行成功！
0924 00:41:44 simulator: 221: 断开处理
0924 00:41:44 simulator: 230: 收到服务器传递过来的命令: 0117
0924 00:41:44 simulator: 273: 发送开通请求
0924 00:41:44 simulator: 279: 收到开通回复 命令: 0x102 代码: 0x0000 执行成功！
0924 00:41:44 simulator: 221: 断开处理
0924 00:41:44 simulator: 230: 收到服务器传递过来的命令: 0117
0924 00:41:44 simulator: 301: 发送退租请求
0924 00:41:44 simulator: 306: 收到退租回复 命令: 0x103 代码: 0x0000 执行成功！
0924 00:41:44 simulator: 221: 断开处理
0924 00:41:44 simulator: 230: 收到服务器传递过来的命令: 0117
0924 00:41:45 simulator: 273: 发送开通请求
0924 00:41:45 simulator: 279: 收到开通回复 命令: 0x102 代码: 0x0000 执行成功！
0924 00:41:45 simulator: 221: 断开处理
0924 00:41:45 simulator: 230: 收到服务器传递过来的命令: 0117
0924 00:45:07 simulator: 273: 发送开通请求
0924 00:45:07 simulator: 279: 收到开通回复 命令: 0x102 代码: 0x0000 执行成功！
0924 00:45:07 simulator: 221: 断开处理
0924 00:45:07 simulator: 230: 收到服务器传递过来的命令: 0117
0924 00:45:10 simulator: 301: 发送退租请求
0924 00:45:10 simulator: 306: 收到退租回复 命令: 0x103 代码: 0x0000 执行成功！
0924 00:45:10 simulator: 221: 断开处理
0924 00:45:10 simulator: 230: 收到服务器传递过来的命令: 0117
0924 00:45:12 simulator: 273: 发送开通请求
0924 00:45:12 simulator: 279: 收到开通回复 命令: 0x102 代码: 0x0000 执行成功！
0924 00:45:12 simulator: 221: 断开处理
0924 00:45:12 simulator: 230: 收到服务器传递过来的命令: 0117
0924 00:45:12 simulator: 301: 发送退租请求
0924 00:45:12 simulator: 306: 收到退租回复 命令: 0x103 代码: 0x0000 执行成功！
0924 00:45:12 simulator: 221: 断开处理
0924 00:45:12 simulator: 230: 收到服务器传递过来的命令: 0117
0924 00:45:12 simulator: 273: 发送开通请求
0924 00:45:12 simulator: 279: 收到开通回复 命令: 0x102 代码: 0x0000 执行成功！
0924 00:45:12 simulator: 221: 断开处理
0924 00:45:12 simulator: 230: 收到服务器传递过来的命令: 0117
0924 00:45:13 simulator: 301: 发送退租请求
0924 00:45:13 simulator: 306: 收到退租回复 命令: 0x103 代码: 0x0000 执行成功！
0924 00:45:13 simulator: 221: 断开处理
0924 00:45:13 simulator: 230: 收到服务器传递过来的命令: 0117
0924 00:45:13 simulator: 273: 发送开通请求
0924 00:45:13 simulator: 279: 收到开通回复 命令: 0x102 代码: 0x0000 执行成功！
0924 00:45:13 simulator: 221: 断开处理
0924 00:45:13 simulator: 230: 收到服务器传递过来的命令: 0117
0924 00:45:13 simulator: 301: 发送退租请求
0924 00:45:13 simulator: 306: 收到退租回复 命令: 0x103 代码: 0x0000 执行成功！
0924 00:45:13 simulator: 221: 断开处理
0924 00:45:13 simulator: 230: 收到服务器传递过来的命令: 0117
0924 00:46:17 simulator: 273: 发送开通请求
0924 00:46:17 simulator: 279: 收到开通回复 命令: 0x102 代码: 0x0000 执行成功！
0924 00:46:17 simulator: 221: 断开处理
0924 00:46:17 simulator: 230: 收到服务器传递过来的命令: 0117
0924 00:46:17 simulator: 301: 发送退租请求
0924 00:46:17 simulator: 306: 收到退租回复 命令: 0x103 代码: 0x0000 执行成功！
0924 00:46:17 simulator: 221: 断开处理
0924 00:46:17 simulator: 230: 收到服务器传递过来的命令: 0117
0924 00:46:18 simulator: 273: 发送开通请求
0924 00:46:18 simulator: 279: 收到开通回复 命令: 0x102 代码: 0x0000 执行成功！
0924 00:46:18 simulator: 221: 断开处理
0924 00:46:18 simulator: 230: 收到服务器传递过来的命令: 0117
0924 00:46:18 simulator: 301: 发送退租请求
0924 00:46:18 simulator: 306: 收到退租回复 命令: 0x103 代码: 0x0000 执行成功！
0924 00:46:18 simulator: 221: 断开处理
0924 00:46:18 simulator: 230: 收到服务器传递过来的命令: 0117
0924 00:46:19 simulator: 273: 发送开通请求
0924 00:46:19 simulator: 279: 收到开通回复 命令: 0x102 代码: 0x0000 执行成功！
0924 00:46:19 simulator: 221: 断开处理
0924 00:46:19 simulator: 230: 收到服务器传递过来的命令: 0117
0924 00:46:19 simulator: 301: 发送退租请求
0924 00:46:19 simulator: 306: 收到退租回复 命令: 0x103 代码: 0x0000 执行成功！
0924 00:46:19 simulator: 221: 断开处理
0924 00:46:19 simulator: 230: 收到服务器传递过来的命令: 0117
0924 00:46:19 simulator: 273: 发送开通请求
0924 00:46:19 simulator: 279: 收到开通回复 命令: 0x102 代码: 0x0000 执行成功！
0924 00:46:19 simulator: 221: 断开处理
0924 00:46:19 simulator: 230: 收到服务器传递过来的命令: 0117
0924 00:46:20 simulator: 301: 发送退租请求
0924 00:46:20 simulator: 306: 收到退租回复 命令: 0x103 代码: 0x0000 执行成功！
0924 00:46:20 simulator: 221: 断开处理
0924 00:46:20 simulator: 230: 收到服务器传递过来的命令: 0117
0924 00:46:20 simulator: 273: 发送开通请求
0924 00:46:20 simulator: 279: 收到开通回复 命令: 0x102 代码: 0x0000 执行成功！
0924 00:46:20 simulator: 221: 断开处理
0924 00:46:20 simulator: 230: 收到服务器传递过来的命令: 0117
0924 00:46:20 simulator: 301: 发送退租请求
0924 00:46:20 simulator: 306: 收到退租回复 命令: 0x103 代码: 0x0000 执行成功！
0924 00:46:20 simulator: 221: 断开处理
0924 00:46:20 simulator: 230: 收到服务器传递过来的命令: 0117
0924 00:46:20 simulator: 273: 发送开通请求
0924 00:46:20 simulator: 279: 收到开通回复 命令: 0x102 代码: 0x0000 执行成功！
0924 00:46:20 simulator: 221: 断开处理
0924 00:46:20 simulator: 230: 收到服务器传递过来的命令: 0117
0924 00:46:21 simulator: 301: 发送退租请求
0924 00:46:21 simulator: 306: 收到退租回复 命令: 0x103 代码: 0x0000 执行成功！
0924 00:46:21 simulator: 221: 断开处理
0924 00:46:21 simulator: 230: 收到服务器传递过来的命令: 0117
0924 00:46:21 simulator: 273: 发送开通请求
0924 00:46:21 simulator: 279: 收到开通回复 命令: 0x102 代码: 0x0000 执行成功！
0924 00:46:21 simulator: 221: 断开处理
0924 00:46:21 simulator: 230: 收到服务器传递过来的命令: 0117
0924 00:46:21 simulator: 301: 发送退租请求
0924 00:46:21 simulator: 306: 收到退租回复 命令: 0x103 代码: 0x0000 执行成功！
0924 00:46:21 simulator: 221: 断开处理
0924 00:46:21 simulator: 230: 收到服务器传递过来的命令: 0117
0924 00:46:22 simulator: 273: 发送开通请求
0924 00:46:22 simulator: 279: 收到开通回复 命令: 0x102 代码: 0x0000 执行成功！
0924 00:46:22 simulator: 221: 断开处理
0924 00:46:22 simulator: 230: 收到服务器传递过来的命令: 0117
0924 00:46:22 simulator: 301: 发送退租请求
0924 00:46:22 simulator: 306: 收到退租回复 命令: 0x103 代码: 0x0000 执行成功！
0924 00:46:22 simulator: 221: 断开处理
0924 00:46:22 simulator: 230: 收到服务器传递过来的命令: 0117
0924 00:47:02 simulator: 273: 发送开通请求
0924 00:47:02 simulator: 279: 收到开通回复 命令: 0x102 代码: 0x0000 执行成功！
0924 00:47:02 simulator: 221: 断开处理
0924 00:47:02 simulator: 230: 收到服务器传递过来的命令: 0117
0924 00:47:02 simulator: 301: 发送退租请求
0924 00:47:02 simulator: 306: 收到退租回复 命令: 0x103 代码: 0x0000 执行成功！
0924 00:47:02 simulator: 221: 断开处理
0924 00:47:02 simulator: 230: 收到服务器传递过来的命令: 0117
0924 00:47:04 simulator: 273: 发送开通请求
0924 00:47:04 simulator: 279: 收到开通回复 命令: 0x102 代码: 0x0000 执行成功！
0924 00:47:04 simulator: 221: 断开处理
0924 00:47:04 simulator: 230: 收到服务器传递过来的命令: 0117
0924 00:47:05 simulator: 301: 发送退租请求
0924 00:47:05 simulator: 306: 收到退租回复 命令: 0x103 代码: 0x0000 执行成功！
0924 00:47:05 simulator: 221: 断开处理
0924 00:47:05 simulator: 230: 收到服务器传递过来的命令: 0117
0924 00:47:05 simulator: 273: 发送开通请求
0924 00:47:05 simulator: 279: 收到开通回复 命令: 0x102 代码: 0x0000 执行成功！
0924 00:47:05 simulator: 221: 断开处理
0924 00:47:05 simulator: 230: 收到服务器传递过来的命令: 0117
0924 00:47:06 simulator: 301: 发送退租请求
0924 00:47:06 simulator: 306: 收到退租回复 命令: 0x103 代码: 0x0000 执行成功！
0924 00:47:06 simulator: 221: 断开处理
0924 00:47:06 simulator: 230: 收到服务器传递过来的命令: 0117
0924 00:47:06 simulator: 273: 发送开通请求
0924 00:47:06 simulator: 279: 收到开通回复 命令: 0x102 代码: 0x0000 执行成功！
0924 00:47:06 simulator: 221: 断开处理
0924 00:47:06 simulator: 230: 收到服务器传递过来的命令: 0117
0924 00:47:06 simulator: 301: 发送退租请求
0924 00:47:06 simulator: 306: 收到退租回复 命令: 0x103 代码: 0x0000 执行成功！
0924 00:47:06 simulator: 221: 断开处理
0924 00:47:06 simulator: 230: 收到服务器传递过来的命令: 0117
0924 00:47:07 simulator: 273: 发送开通请求
0924 00:47:07 simulator: 279: 收到开通回复 命令: 0x102 代码: 0x0000 执行成功！
0924 00:47:07 simulator: 221: 断开处理
0924 00:47:07 simulator: 230: 收到服务器传递过来的命令: 0117
0924 00:47:07 simulator: 301: 发送退租请求
0924 00:47:07 simulator: 306: 收到退租回复 命令: 0x103 代码: 0x0000 执行成功！
0924 00:47:07 simulator: 221: 断开处理
0924 00:47:07 simulator: 230: 收到服务器传递过来的命令: 0117
0924 00:47:07 simulator: 273: 发送开通请求
0924 00:47:07 simulator: 279: 收到开通回复 命令: 0x102 代码: 0x0000 执行成功！
0924 00:47:07 simulator: 221: 断开处理
0924 00:47:07 simulator: 230: 收到服务器传递过来的命令: 0117
0924 00:47:07 simulator: 301: 发送退租请求
0924 00:47:07 simulator: 306: 收到退租回复 命令: 0x103 代码: 0x0000 执行成功！
0924 00:47:07 simulator: 221: 断开处理
0924 00:47:07 simulator: 230: 收到服务器传递过来的命令: 0117
0924 00:47:09 simulator: 318: end tmid=012345678901234ABCDEFGHIJKLMNO params='a=b,c=d,e=f'
0924 01:21:26 simulator: 208: started 
0924 01:21:26 simulator: 209: tmid       =012345678901234ABCDEFGHIJKLMNO
0924 01:21:26 simulator: 210: serverip   =127.0.0.1
0924 01:21:26 simulator: 211: serverport =7000
0924 01:21:26 simulator: 212: params     ='a=b,c=d,e=f'
0924 01:21:28 simulator: 318: end tmid=012345678901234ABCDEFGHIJKLMNO params='a=b,c=d,e=f'
0924 01:21:59 simulator: 208: started 
0924 01:21:59 simulator: 209: tmid       =012345678901234ABCDEFGHIJKLMNO
0924 01:21:59 simulator: 210: serverip   =127.0.0.1
0924 01:21:59 simulator: 211: serverport =7000
0924 01:21:59 simulator: 212: params     ='a=b,c=d,e=f'
0924 01:22:00 simulator: 318: end tmid=012345678901234ABCDEFGHIJKLMNO params='a=b,c=d,e=f'
0924 01:24:28 simulator: 208: started 
0924 01:24:28 simulator: 209: tmid       =012345678901234ABCDEFGHIJKLMNO
0924 01:24:28 simulator: 210: serverip   =127.0.0.1
0924 01:24:28 simulator: 211: serverport =7000
0924 01:24:28 simulator: 212: params     ='a=b,c=d,e=f'
0924 01:24:32 simulator: 273: 发送开通请求
0924 01:24:32 simulator: 279: 收到开通回复 命令: 0x102 代码: 0x1003 终端状态错误，已经是开通状态
0924 01:24:32 simulator: 221: 断开处理
0924 01:24:32 simulator: 230: 收到服务器传递过来的命令: 0117
0924 01:24:33 simulator: 301: 发送退租请求
0924 01:24:33 simulator: 306: 收到退租回复 命令: 0x103 代码: 0x0000 执行成功！
0924 01:24:33 simulator: 221: 断开处理
0924 01:24:33 simulator: 230: 收到服务器传递过来的命令: 0117
0924 01:24:34 simulator: 318: end tmid=012345678901234ABCDEFGHIJKLMNO params='a=b,c=d,e=f'
0924 01:24:50 simulator: 208: started 
0924 01:24:50 simulator: 209: tmid       =012345678901234ABCDEFGHIJKLMNO
0924 01:24:50 simulator: 210: serverip   =127.0.0.1
0924 01:24:50 simulator: 211: serverport =7000
0924 01:24:50 simulator: 212: params     ='a=b,c=d,e=f'
0924 01:25:00 simulator: 301: 发送退租请求
0924 01:25:00 simulator: 306: 收到退租回复 命令: 0x103 代码: 0x1021 系统从没收到过终端的开通请求
0924 01:25:00 simulator: 221: 断开处理
0924 01:25:00 simulator: 230: 收到服务器传递过来的命令: 0117
0924 01:25:01 simulator: 273: 发送开通请求
0924 01:25:01 simulator: 279: 收到开通回复 命令: 0x102 代码: 0x0000 执行成功！
0924 01:25:01 simulator: 221: 断开处理
0924 01:25:01 simulator: 230: 收到服务器传递过来的命令: 0117
0924 01:25:02 simulator: 273: 发送开通请求
0924 01:25:02 simulator: 279: 收到开通回复 命令: 0x102 代码: 0x1003 终端状态错误，已经是开通状态
0924 01:25:02 simulator: 221: 断开处理
0924 01:25:02 simulator: 230: 收到服务器传递过来的命令: 0117
0924 01:25:02 simulator: 301: 发送退租请求
0924 01:25:02 simulator: 306: 收到退租回复 命令: 0x103 代码: 0x0000 执行成功！
0924 01:25:02 simulator: 221: 断开处理
0924 01:25:02 simulator: 230: 收到服务器传递过来的命令: 0117
0924 01:25:03 simulator: 318: end tmid=012345678901234ABCDEFGHIJKLMNO params='a=b,c=d,e=f'
